TN:C:\Projects\Metro UI\metroui-lib
SF:C:\Projects\EasyTest\src\dom.js
LF:305
LH:302
FN:6818,fromString
FNDA:1,fromString
FN:7525,flash
FNDA:1,flash
DA:1,1
DA:2,1
DA:3,1
DA:4,1
DA:5,1
DA:6,1
DA:7,1
DA:8,1
DA:9,1
DA:10,1
DA:11,1
DA:12,1
DA:13,1
DA:14,1
DA:15,1
DA:16,1
DA:17,1
DA:18,1
DA:19,1
DA:20,1
DA:21,1
DA:22,1
DA:23,1
DA:24,1
DA:25,1
DA:26,1
DA:27,1
DA:28,1
DA:29,1
DA:30,1
DA:31,1
DA:32,1
DA:33,1
DA:34,1
DA:35,1
DA:36,1
DA:37,1
DA:38,1
DA:39,1
DA:40,1
DA:41,1
DA:42,1
DA:43,1
DA:44,1
DA:45,1
DA:46,1
DA:47,1
DA:48,1
DA:49,1
DA:50,1
DA:51,1
DA:52,1
DA:53,1
DA:54,1
DA:55,1
DA:56,1
DA:57,1
DA:58,1
DA:59,1
DA:60,1
DA:61,1
DA:62,1
DA:63,1
DA:64,1
DA:65,1
DA:66,1
DA:67,1
DA:68,1
DA:69,1
DA:70,1
DA:71,1
DA:72,1
DA:73,1
DA:74,1
DA:75,1
DA:76,1
DA:77,1
DA:78,1
DA:79,1
DA:80,1
DA:81,1
DA:82,1
DA:83,1
DA:84,1
DA:85,1
DA:86,1
DA:87,1
DA:88,1
DA:89,1
DA:90,1
DA:91,1
DA:92,1
DA:93,1
DA:94,1
DA:95,1
DA:96,1
DA:97,1
DA:98,1
DA:99,1
DA:100,1
DA:101,1
DA:102,1
DA:103,1
DA:104,1
DA:105,1
DA:106,1
DA:107,1
DA:108,1
DA:109,1
DA:110,1
DA:111,1
DA:112,1
DA:113,1
DA:114,1
DA:115,1
DA:116,1
DA:117,1
DA:118,1
DA:119,1
DA:120,1
DA:121,1
DA:122,1
DA:123,1
DA:124,1
DA:125,1
DA:126,1
DA:127,1
DA:128,1
DA:129,1
DA:130,1
DA:131,1
DA:132,1
DA:133,1
DA:134,1
DA:135,1
DA:136,1
DA:137,1
DA:138,1
DA:139,1
DA:140,1
DA:141,1
DA:142,1
DA:143,1
DA:144,1
DA:145,1
DA:146,1
DA:147,1
DA:148,1
DA:149,1
DA:150,1
DA:151,1
DA:152,1
DA:153,1
DA:154,1
DA:155,1
DA:156,1
DA:157,1
DA:158,1
DA:159,1
DA:160,1
DA:161,1
DA:162,1
DA:163,1
DA:164,1
DA:165,1
DA:166,1
DA:167,1
DA:168,1
DA:169,1
DA:170,1
DA:171,1
DA:172,1
DA:173,1
DA:174,1
DA:175,1
DA:176,1
DA:177,1
DA:178,1
DA:179,1
DA:180,1
DA:181,1
DA:182,1
DA:183,1
DA:184,1
DA:185,1
DA:186,1
DA:187,1
DA:188,1
DA:189,1
DA:190,1
DA:191,1
DA:192,1
DA:193,1
DA:194,1
DA:195,1
DA:196,1
DA:197,1
DA:198,1
DA:199,1
DA:200,1
DA:201,1
DA:202,1
DA:203,1
DA:204,1
DA:205,1
DA:206,1
DA:207,1
DA:208,1
DA:209,1
DA:210,1
DA:211,1
DA:212,1
DA:213,1
DA:214,1
DA:215,1
DA:216,1
DA:217,1
DA:218,1
DA:219,1
DA:220,1
DA:221,1
DA:222,1
DA:223,1
DA:224,1
DA:225,1
DA:226,1
DA:227,1
DA:228,1
DA:229,1
DA:230,1
DA:231,1
DA:232,1
DA:233,1
DA:234,1
DA:235,1
DA:236,1
DA:237,1
DA:238,1
DA:239,1
DA:240,1
DA:241,1
DA:242,1
DA:243,1
DA:244,1
DA:245,1
DA:246,1
DA:247,1
DA:248,1
DA:249,1
DA:250,1
DA:251,1
DA:252,1
DA:253,1
DA:254,1
DA:255,1
DA:256,1
DA:257,1
DA:258,1
DA:259,1
DA:260,1
DA:261,1
DA:262,1
DA:263,1
DA:264,1
DA:265,1
DA:266,1
DA:267,1
DA:268,1
DA:269,1
DA:270,1
DA:271,1
DA:272,1
DA:273,1
DA:274,1
DA:275,1
DA:276,1
DA:277,1
DA:278,0
DA:279,0
DA:280,0
DA:281,1
DA:282,1
DA:283,1
DA:284,1
DA:285,1
DA:286,1
DA:287,1
DA:288,1
DA:289,1
DA:290,1
DA:291,1
DA:292,1
DA:293,1
DA:294,1
DA:295,1
DA:296,1
DA:297,1
DA:298,1
DA:299,1
DA:300,1
DA:301,1
DA:302,1
DA:303,1
DA:304,1
DA:305,1
end_of_record
TN:C:\Projects\Metro UI\metroui-lib
SF:C:\Projects\EasyTest\src\helpers\json.js
LF:15
LH:8
FN:25,stringify
FNDA:2,stringify
FN:55,safer
FNDA:2,safer
FN:116,
FNDA:2,
DA:1,1
DA:2,1
DA:3,1
DA:4,1
DA:5,0
DA:6,0
DA:7,0
DA:8,0
DA:9,0
DA:10,0
DA:11,1
DA:12,1
DA:13,1
DA:14,1
DA:15,1
end_of_record
TN:C:\Projects\Metro UI\metroui-lib
SF:C:\Projects\EasyTest\src\helpers\parent-func.js
LF:8
LH:8
FN:7,parentFunc
FNDA:2,parentFunc
FN:154,
FNDA:4,
DA:1,1
DA:2,1
DA:3,1
DA:4,1
DA:5,1
DA:6,1
DA:7,1
DA:8,1
end_of_record
TN:C:\Projects\Metro UI\metroui-lib
SF:C:\Projects\EasyTest\src\index.js
LF:250
LH:226
FN:1561,run
FNDA:4,run
FN:3111,describe
FNDA:1,describe
FN:4069,it
FNDA:1,it
FN:5241,beforeEach
FNDA:1,beforeEach
FN:5610,beforeAll
FNDA:1,beforeAll
DA:1,1
DA:2,1
DA:3,1
DA:4,1
DA:5,1
DA:6,1
DA:7,1
DA:8,1
DA:9,1
DA:10,1
DA:11,1
DA:12,1
DA:13,1
DA:14,1
DA:15,1
DA:16,1
DA:17,1
DA:18,1
DA:19,1
DA:20,1
DA:21,1
DA:22,1
DA:23,1
DA:24,1
DA:25,1
DA:26,1
DA:27,1
DA:28,1
DA:29,1
DA:30,1
DA:31,1
DA:32,1
DA:33,1
DA:34,1
DA:35,1
DA:36,1
DA:37,1
DA:38,1
DA:39,1
DA:40,1
DA:41,1
DA:42,1
DA:43,1
DA:44,1
DA:45,1
DA:46,1
DA:47,1
DA:48,1
DA:49,1
DA:50,1
DA:51,1
DA:52,1
DA:53,1
DA:54,1
DA:55,1
DA:56,1
DA:57,1
DA:58,1
DA:59,1
DA:60,1
DA:61,1
DA:62,1
DA:63,1
DA:64,1
DA:65,1
DA:66,1
DA:67,1
DA:68,1
DA:69,1
DA:70,1
DA:71,1
DA:72,1
DA:73,1
DA:74,1
DA:75,1
DA:76,1
DA:77,1
DA:78,1
DA:79,1
DA:80,1
DA:81,1
DA:82,1
DA:83,1
DA:84,1
DA:85,1
DA:86,1
DA:87,1
DA:88,1
DA:89,1
DA:90,1
DA:91,1
DA:92,1
DA:93,1
DA:94,1
DA:95,1
DA:96,1
DA:97,1
DA:98,1
DA:99,1
DA:100,1
DA:101,1
DA:102,1
DA:103,1
DA:104,1
DA:105,1
DA:106,1
DA:107,1
DA:108,1
DA:109,1
DA:110,1
DA:111,1
DA:112,1
DA:113,1
DA:114,1
DA:115,1
DA:116,1
DA:117,1
DA:118,1
DA:119,1
DA:120,1
DA:121,1
DA:122,1
DA:123,1
DA:124,1
DA:125,1
DA:126,1
DA:127,1
DA:128,1
DA:129,1
DA:130,1
DA:131,1
DA:132,1
DA:133,1
DA:134,1
DA:135,1
DA:136,1
DA:137,1
DA:138,1
DA:139,0
DA:140,0
DA:141,0
DA:142,1
DA:143,0
DA:144,0
DA:145,0
DA:146,1
DA:147,0
DA:148,0
DA:149,0
DA:150,1
DA:151,1
DA:152,1
DA:153,1
DA:154,1
DA:155,1
DA:156,1
DA:157,1
DA:158,1
DA:159,1
DA:160,1
DA:161,1
DA:162,1
DA:163,1
DA:164,1
DA:165,1
DA:166,1
DA:167,1
DA:168,1
DA:169,1
DA:170,1
DA:171,1
DA:172,0
DA:173,0
DA:174,0
DA:175,1
DA:176,0
DA:177,0
DA:178,0
DA:179,0
DA:180,0
DA:181,0
DA:182,1
DA:183,1
DA:184,1
DA:185,1
DA:186,1
DA:187,1
DA:188,1
DA:189,1
DA:190,1
DA:191,1
DA:192,1
DA:193,1
DA:194,1
DA:195,1
DA:196,1
DA:197,1
DA:198,1
DA:199,1
DA:200,1
DA:201,1
DA:202,1
DA:203,1
DA:204,1
DA:205,1
DA:206,1
DA:207,1
DA:208,0
DA:209,0
DA:210,0
DA:211,1
DA:212,1
DA:213,1
DA:214,1
DA:215,1
DA:216,1
DA:217,1
DA:218,1
DA:219,1
DA:220,1
DA:221,1
DA:222,1
DA:223,1
DA:224,0
DA:225,0
DA:226,0
DA:227,1
DA:228,1
DA:229,1
DA:230,1
DA:231,1
DA:232,1
DA:233,1
DA:234,1
DA:235,1
DA:236,1
DA:237,1
DA:238,1
DA:239,1
DA:240,1
DA:241,1
DA:242,1
DA:243,1
DA:244,1
DA:245,1
DA:246,1
DA:247,1
DA:248,1
DA:249,1
DA:250,1
end_of_record
TN:C:\Projects\Metro UI\metroui-lib
SF:C:\Projects\EasyTest\src\runner.js
LF:183
LH:99
FN:203,logExpect
FNDA:1,logExpect
FN:691,setupAndTeardown
FNDA:4,setupAndTeardown
FN:1020,runner
FNDA:1,runner
DA:1,1
DA:2,1
DA:3,1
DA:4,1
DA:5,1
DA:6,1
DA:7,1
DA:8,1
DA:9,0
DA:10,1
DA:11,1
DA:12,1
DA:13,1
DA:14,1
DA:15,1
DA:16,1
DA:17,1
DA:18,1
DA:19,1
DA:20,0
DA:21,0
DA:22,0
DA:23,0
DA:24,1
DA:25,1
DA:26,1
DA:27,1
DA:28,1
DA:29,1
DA:30,1
DA:31,1
DA:32,1
DA:33,1
DA:34,1
DA:35,1
DA:36,1
DA:37,1
DA:38,1
DA:39,1
DA:40,1
DA:41,1
DA:42,1
DA:43,1
DA:44,1
DA:45,1
DA:46,1
DA:47,1
DA:48,1
DA:49,1
DA:50,1
DA:51,1
DA:52,0
DA:53,0
DA:54,0
DA:55,0
DA:56,0
DA:57,0
DA:58,0
DA:59,0
DA:60,0
DA:61,0
DA:62,1
DA:63,1
DA:64,1
DA:65,1
DA:66,1
DA:67,1
DA:68,1
DA:69,0
DA:70,0
DA:71,0
DA:72,1
DA:73,1
DA:74,1
DA:75,1
DA:76,1
DA:77,1
DA:78,1
DA:79,1
DA:80,1
DA:81,1
DA:82,1
DA:83,1
DA:84,1
DA:85,1
DA:86,1
DA:87,1
DA:88,1
DA:89,0
DA:90,0
DA:91,0
DA:92,0
DA:93,1
DA:94,1
DA:95,1
DA:96,1
DA:97,1
DA:98,1
DA:99,1
DA:100,1
DA:101,1
DA:102,1
DA:103,1
DA:104,1
DA:105,0
DA:106,0
DA:107,0
DA:108,0
DA:109,0
DA:110,0
DA:111,0
DA:112,0
DA:113,0
DA:114,0
DA:115,0
DA:116,0
DA:117,0
DA:118,0
DA:119,0
DA:120,0
DA:121,0
DA:122,0
DA:123,0
DA:124,0
DA:125,0
DA:126,0
DA:127,0
DA:128,0
DA:129,0
DA:130,0
DA:131,0
DA:132,0
DA:133,0
DA:134,0
DA:135,0
DA:136,0
DA:137,0
DA:138,0
DA:139,0
DA:140,0
DA:141,0
DA:142,0
DA:143,0
DA:144,0
DA:145,0
DA:146,0
DA:147,0
DA:148,0
DA:149,0
DA:150,0
DA:151,0
DA:152,0
DA:153,0
DA:154,0
DA:155,1
DA:156,1
DA:157,1
DA:158,1
DA:159,0
DA:160,0
DA:161,0
DA:162,0
DA:163,0
DA:164,0
DA:165,1
DA:166,1
DA:167,1
DA:168,1
DA:169,1
DA:170,1
DA:171,1
DA:172,1
DA:173,1
DA:174,1
DA:175,1
DA:176,1
DA:177,1
DA:178,0
DA:179,0
DA:180,0
DA:181,1
DA:182,0
DA:183,1
end_of_record
TN:C:\Projects\Metro UI\metroui-lib
SF:\abc\accordion.test.js
LF:21
LH:21
FN:0,
FNDA:1,
FN:100,
FNDA:1,
FN:230,
FNDA:1,
FN:344,
FNDA:1,
FN:379,
FNDA:1,
DA:1,1
DA:2,1
DA:3,1
DA:4,1
DA:5,1
DA:6,1
DA:7,1
DA:8,1
DA:9,1
DA:10,1
DA:11,1
DA:12,1
DA:13,1
DA:14,1
DA:15,1
DA:16,1
DA:17,1
DA:18,1
DA:19,1
DA:20,1
DA:21,1
end_of_record
TN:C:\Projects\Metro UI\metroui-lib
SF:\lib\metro.js
LF:38775
LH:7138
FN:0,
FNDA:1,
FN:1,
FNDA:1,
FN:67,__export
FNDA:2,__export
FN:2428,isNum
FNDA:0,isNum
FN:3585,required
FNDA:0,required
FN:3669,isset
FNDA:0,isset
FN:3857,not
FNDA:0,not
FN:3917,lpad
FNDA:0,lpad
FN:4153,_Datetime
FNDA:0,_Datetime
FN:4601,isDatetime
FNDA:0,isDatetime
FN:4675,now
FNDA:0,now
FN:4767,parse
FNDA:0,parse
FN:4853,setLocale
FNDA:0,setLocale
FN:4964,getLocale
FNDA:0,getLocale
FN:5113,align
FNDA:0,align
FN:6056,alignEnd
FNDA:0,alignEnd
FN:7163,immutable
FNDA:0,immutable
FN:7250,utc
FNDA:0,utc
FN:7314,local
FNDA:0,local
FN:7381,useLocale
FNDA:0,useLocale
FN:7593,clone
FNDA:0,clone
FN:7766,align
FNDA:0,align
FN:7976,alignEnd
FNDA:0,alignEnd
FN:8195,val
FNDA:0,val
FN:8387,year2
FNDA:0,year2
FN:8472,_set
FNDA:0,_set
FN:8731,_get
FNDA:0,_get
FN:8856,_work
FNDA:0,_work
FN:9039,ms
FNDA:0,ms
FN:9095,second
FNDA:0,second
FN:9154,minute
FNDA:0,minute
FN:9213,hour
FNDA:0,hour
FN:9270,day
FNDA:0,day
FN:9326,month
FNDA:0,month
FN:9384,year
FNDA:0,year
FN:9441,time
FNDA:0,time
FN:9498,weekDay
FNDA:0,weekDay
FN:9770,get
FNDA:0,get
FN:9861,set
FNDA:0,set
FN:9960,add
FNDA:0,add
FN:10569,addHour
FNDA:0,addHour
FN:10623,addMinute
FNDA:0,addMinute
FN:10679,addSecond
FNDA:0,addSecond
FN:10735,addMs
FNDA:0,addMs
FN:10788,addDay
FNDA:0,addDay
FN:10841,addWeek
FNDA:0,addWeek
FN:10895,addMonth
FNDA:0,addMonth
FN:10950,addYear
FNDA:0,addYear
FN:11004,format
FNDA:0,format
FN:12009,valueOf
FNDA:0,valueOf
FN:12066,toString
FNDA:0,toString
FN:12144,datetime2
FNDA:0,datetime2
FN:12305,buddhist
FNDA:0,buddhist
FN:12361,format
FNDA:0,format
FN:12775,createCalendar
FNDA:0,createCalendar
FN:14231,calendar
FNDA:0,calendar
FN:14401,century
FNDA:0,century
FN:14467,format
FNDA:0,format
FN:14785,same
FNDA:0,same
FN:14938,compare
FNDA:0,compare
FN:15648,between
FNDA:0,between
FN:15726,older
FNDA:0,older
FN:15805,olderOrEqual
FNDA:0,olderOrEqual
FN:15892,younger
FNDA:0,younger
FN:15973,youngerOrEqual
FNDA:0,youngerOrEqual
FN:16062,equal
FNDA:0,equal
FN:16141,notEqual
FNDA:0,notEqual
FN:16224,diff
FNDA:0,diff
FN:16746,distance
FNDA:0,distance
FN:16856,isLeapYear
FNDA:0,isLeapYear
FN:17027,dayOfYear
FNDA:0,dayOfYear
FN:17319,daysInMonth
FNDA:0,daysInMonth
FN:17451,daysInYear
FNDA:0,daysInYear
FN:17521,daysInYearMap
FNDA:0,daysInYearMap
FN:17829,daysInYearObj
FNDA:0,daysInYearObj
FN:18162,decade
FNDA:0,decade
FN:18232,decadeStart
FNDA:0,decadeStart
FN:18402,decadeEnd
FNDA:0,decadeEnd
FN:18576,decadeOfMonth
FNDA:0,decadeOfMonth
FN:18836,from
FNDA:0,from
FN:22057,ampm
FNDA:0,ampm
FN:22196,hour12
FNDA:0,hour12
FN:22450,format
FNDA:0,format
FN:23036,align
FNDA:0,align
FN:23399,alignEnd
FNDA:0,alignEnd
FN:23814,isoWeekDay
FNDA:0,isoWeekDay
FN:23994,format
FNDA:0,format
FN:24316,max
FNDA:0,max
FN:24507,max
FNDA:0,max
FN:24641,min
FNDA:0,min
FN:24832,min
FNDA:0,min
FN:25077,align
FNDA:0,align
FN:25418,alignEnd
FNDA:0,alignEnd
FN:25805,quarter
FNDA:0,quarter
FN:25974,add
FNDA:0,add
FN:26129,addQuarter
FNDA:0,addQuarter
FN:26227,sort
FNDA:0,sort
FN:27242,utcOffset
FNDA:0,utcOffset
FN:27312,timezone
FNDA:0,timezone
FN:27420,timezoneName
FNDA:0,timezoneName
FN:27512,format
FNDA:0,format
FN:28058,weekNumber
FNDA:0,weekNumber
FN:28844,isoWeekNumber
FNDA:0,isoWeekNumber
FN:28906,weeksInYear
FNDA:0,weeksInYear
FN:29051,format
FNDA:0,format
FN:29515,strftime
FNDA:0,strftime
FN:31881,isToday
FNDA:0,isToday
FN:32078,isToday
FNDA:0,isToday
FN:32139,today
FNDA:0,today
FN:32314,isTomorrow
FNDA:0,isTomorrow
FN:32528,isTomorrow
FNDA:0,isTomorrow
FN:32595,tomorrow
FNDA:0,tomorrow
FN:32816,toDateString
FNDA:0,toDateString
FN:32884,toISOString
FNDA:0,toISOString
FN:32950,toJSON
FNDA:0,toJSON
FN:33006,toGMTString
FNDA:0,toGMTString
FN:33072,toLocaleDateString
FNDA:0,toLocaleDateString
FN:33152,toLocaleString
FNDA:0,toLocaleString
FN:33224,toLocaleTimeString
FNDA:0,toLocaleTimeString
FN:33304,toTimeString
FNDA:0,toTimeString
FN:33372,toUTCString
FNDA:0,toUTCString
FN:33438,toDate
FNDA:0,toDate
FN:33529,timestamp
FNDA:0,timestamp
FN:33657,unix
FNDA:0,unix
FN:33933,timestamp
FNDA:0,timestamp
FN:34018,isYesterday
FNDA:0,isYesterday
FN:34234,isYesterday
FNDA:0,isYesterday
FN:34303,yesterday
FNDA:0,yesterday
FN:34502,getResult
FNDA:0,getResult
FN:35237,timeLapse
FNDA:0,timeLapse
FN:35402,timeLapse
FNDA:0,timeLapse
FN:35523,parseTime
FNDA:0,parseTime
FN:36275,info
FNDA:0,info
FN:36627,
FNDA:1,
FN:36725,Datetime2.getLocale
FNDA:0,Datetime2.getLocale
FN:41333,toStr
FNDA:0,toStr
FN:41523,nvl
FNDA:0,nvl
FN:41617,words
FNDA:0,words
FN:41978,capitalize
FNDA:0,capitalize
FN:42166,camelCase
FNDA:0,camelCase
FN:42322,dashedName
FNDA:0,dashedName
FN:42409,decapitalize
FNDA:0,decapitalize
FN:42519,kebab
FNDA:0,kebab
FN:42620,lower
FNDA:0,lower
FN:42669,chars$1
FNDA:0,chars$1
FN:42764,reverse
FNDA:0,reverse
FN:42848,shuffleArray
FNDA:0,shuffleArray
FN:43094,shuffle
FNDA:0,shuffle
FN:43160,snake
FNDA:0,snake
FN:43240,_swap
FNDA:0,_swap
FN:43395,swap
FNDA:0,swap
FN:43456,title
FNDA:0,title
FN:43897,upper
FNDA:0,upper
FN:43944,count
FNDA:0,count
FN:43990,uniqueArray
FNDA:0,uniqueArray
FN:44233,countChars
FNDA:0,countChars
FN:44302,countUniqueChars
FNDA:0,countUniqueChars
FN:44379,countSubstr
FNDA:0,countSubstr
FN:44545,countWords
FNDA:0,countWords
FN:44630,countUniqueWords
FNDA:0,countUniqueWords
FN:44848,replaceSpecialCharacter
FNDA:0,replaceSpecialCharacter
FN:44960,escapeHtml
FNDA:0,escapeHtml
FN:45363,reduceUnescapedString
FNDA:0,reduceUnescapedString
FN:45491,unescapeHtml
FNDA:0,unescapeHtml
FN:45562,unique
FNDA:0,unique
FN:45641,uniqueWords
FNDA:0,uniqueWords
FN:45734,substring
FNDA:0,substring
FN:45801,first
FNDA:0,first
FN:45861,last
FNDA:0,last
FN:46052,clip
FNDA:0,clip
FN:46189,toInt
FNDA:0,toInt
FN:46344,truncate
FNDA:0,truncate
FN:46573,truncateWithAlign
FNDA:0,truncateWithAlign
FN:46747,slice
FNDA:0,slice
FN:46999,prune
FNDA:0,prune
FN:47497,repeat
FNDA:0,repeat
FN:47803,padBuilder
FNDA:0,padBuilder
FN:47970,_pad
FNDA:0,_pad
FN:48385,lpad2
FNDA:0,lpad2
FN:48472,rpad
FNDA:0,rpad
FN:48559,pad
FNDA:0,pad
FN:49018,insert
FNDA:0,insert
FN:49236,trim
FNDA:0,trim
FN:49288,ltrim
FNDA:0,ltrim
FN:49765,rtrim
FNDA:0,rtrim
FN:50251,endsWith
FNDA:0,endsWith
FN:50315,isAlpha
FNDA:0,isAlpha
FN:50374,isAlphaDigit
FNDA:0,isAlphaDigit
FN:50434,isDigit
FNDA:0,isDigit
FN:50488,isBlank
FNDA:0,isBlank
FN:50586,isEmpty
FNDA:0,isEmpty
FN:50633,isLower
FNDA:0,isLower
FN:50675,isUpper
FNDA:0,isUpper
FN:50720,startsWith
FNDA:0,startsWith
FN:50795,stripTagsAll
FNDA:0,stripTagsAll
FN:50857,stripTags
FNDA:0,stripTags
FN:51543,sprintf_format
FNDA:0,sprintf_format
FN:55428,sprintf_parse
FNDA:0,sprintf_parse
FN:57494,sprintf
FNDA:0,sprintf
FN:57567,vsprintf
FNDA:0,vsprintf
FN:57646,includes
FNDA:0,includes
FN:57710,split
FNDA:0,split
FN:57907,strip
FNDA:0,strip
FN:58120,wrapTag
FNDA:0,wrapTag
FN:58187,wrap
FNDA:0,wrap
FN:58265,isString
FNDA:0,isString
FN:58313,matches
FNDA:0,matches
FN:58647,append
FNDA:0,append
FN:58726,prepend
FNDA:0,prepend
FN:58807,stripBoom
FNDA:0,stripBoom
FN:58953,shorten
FNDA:0,shorten
FN:59950,Str2
FNDA:0,Str2
FN:60070,Str2
FNDA:0,Str2
FN:60201,Str2
FNDA:0,Str2
FN:60260,val
FNDA:0,val
FN:60400,get length
FNDA:0,get length
FN:60457,immutable
FNDA:0,immutable
FN:60524,toString
FNDA:0,toString
FN:60572,_result
FNDA:0,_result
FN:60695,camelCase
FNDA:0,camelCase
FN:60771,capitalize
FNDA:0,capitalize
FN:60865,chars
FNDA:0,chars
FN:60947,count
FNDA:0,count
FN:61001,countChars
FNDA:0,countChars
FN:61079,countUniqueChars
FNDA:0,countUniqueChars
FN:61169,countSubstr
FNDA:0,countSubstr
FN:61245,countWords
FNDA:0,countWords
FN:61341,countUniqueWords
FNDA:0,countUniqueWords
FN:61449,dashedName
FNDA:0,dashedName
FN:61527,decapitalize
FNDA:0,decapitalize
FN:61609,endsWith
FNDA:0,endsWith
FN:61689,escapeHtml
FNDA:0,escapeHtml
FN:61767,first
FNDA:0,first
FN:61835,includes
FNDA:0,includes
FN:61915,insert
FNDA:0,insert
FN:62005,isAlpha
FNDA:0,isAlpha
FN:62063,isAlphaDigit
FNDA:0,isAlphaDigit
FN:62131,isBlank
FNDA:0,isBlank
FN:62205,isDigit
FNDA:0,isDigit
FN:62263,isEmpty
FNDA:0,isEmpty
FN:62321,isLower
FNDA:0,isLower
FN:62386,isString
FNDA:0,isString
FN:62438,isUpper
FNDA:0,isUpper
FN:62496,kebab
FNDA:0,kebab
FN:62582,last
FNDA:0,last
FN:62656,lower
FNDA:0,lower
FN:62724,matches
FNDA:0,matches
FN:62814,pad
FNDA:0,pad
FN:62898,lpad
FNDA:0,lpad
FN:62984,rpad
FNDA:0,rpad
FN:63070,prune
FNDA:0,prune
FN:63156,repeat
FNDA:0,repeat
FN:63238,append
FNDA:0,append
FN:63332,prepend
FNDA:0,prepend
FN:63428,reverse
FNDA:0,reverse
FN:63514,shuffle
FNDA:0,shuffle
FN:63586,slice
FNDA:0,slice
FN:63666,snake
FNDA:0,snake
FN:63734,split
FNDA:0,split
FN:63838,sprintf
FNDA:0,sprintf
FN:63926,vsprintf
FNDA:0,vsprintf
FN:64016,startsWith
FNDA:0,startsWith
FN:64100,stripBoom
FNDA:0,stripBoom
FN:64176,stripTags
FNDA:0,stripTags
FN:64268,stripTagsAll
FNDA:0,stripTagsAll
FN:64350,strip
FNDA:0,strip
FN:64446,substring
FNDA:0,substring
FN:64544,swap
FNDA:0,swap
FN:64610,title
FNDA:0,title
FN:64704,trim
FNDA:0,trim
FN:64776,ltrim
FNDA:0,ltrim
FN:64850,rtrim
FNDA:0,rtrim
FN:64924,truncate
FNDA:0,truncate
FN:65016,truncateWithAlign
FNDA:0,truncateWithAlign
FN:65126,unescapeHtml
FNDA:0,unescapeHtml
FN:65208,unique
FNDA:0,unique
FN:65292,uniqueWords
FNDA:0,uniqueWords
FN:65404,upper
FNDA:0,upper
FN:65472,words
FNDA:0,words
FN:65558,wrap
FNDA:0,wrap
FN:65652,wrapTag
FNDA:0,wrapTag
FN:65732,shorten
FNDA:0,shorten
FN:65854,str2
FNDA:0,str2
FN:65958,info2
FNDA:0,info2
FN:66353,isSimple
FNDA:0,isSimple
FN:66467,isVisible
FNDA:0,isVisible
FN:66586,isHidden
FNDA:0,isHidden
FN:66752,not2
FNDA:89,not2
FN:66828,camelCase2
FNDA:14,camelCase2
FN:66899,
FNDA:33,
FN:66972,isPlainObject
FNDA:14,isPlainObject
FN:67280,isEmptyObject
FNDA:28,isEmptyObject
FN:67415,isArrayLike
FNDA:58,isArrayLike
FN:67496,str2arr
FNDA:14,str2arr
FN:67579,
FNDA:14,
FN:67639,
FNDA:14,
FN:67692,parseUnit
FNDA:0,parseUnit
FN:67885,getUnit
FNDA:0,getUnit
FN:68122,setStyleProp
FNDA:0,setStyleProp
FN:68388,acceptData
FNDA:2,acceptData
FN:68500,getData
FNDA:0,getData
FN:68618,dataAttr
FNDA:0,dataAttr
FN:69012,normName
FNDA:14,normName
FN:69132,hasProp
FNDA:4052,hasProp
FN:69228,isLocalhost
FNDA:1,isLocalhost
FN:69515,isTouch
FNDA:1,isTouch
FN:69611,isPrivateAddress
FNDA:0,isPrivateAddress
FN:69905,$
FNDA:45,$
FN:70034,$.info
FNDA:0,$.info
FN:70371,$.extend.$.fn.extend
FNDA:231,$.extend.$.fn.extend
FN:70890,$.assign
FNDA:0,$.assign
FN:71428,
FNDA:1,
FN:73271,getFakeId
FNDA:0,getFakeId
FN:73653,window.setInterval
FNDA:0,window.setInterval
FN:74021,window.clearInterval
FNDA:0,window.clearInterval
FN:74282,window.setTimeout
FNDA:0,window.setTimeout
FN:74675,window.clearTimeout
FNDA:0,window.clearTimeout
FN:74937,window.setImmediate
FNDA:0,window.setImmediate
FN:75037,window.clearImmediate
FNDA:0,window.clearImmediate
FN:75120,worker.onmessage
FNDA:0,worker.onmessage
FN:75925,worker.onerror
FNDA:0,worker.onerror
FN:76126,index
FNDA:0,index
FN:76705,indexOf
FNDA:0,indexOf
FN:77234,get
FNDA:0,get
FN:77385,eq
FNDA:0,eq
FN:77513,is
FNDA:0,is
FN:79042,same
FNDA:0,same
FN:79347,last
FNDA:0,last
FN:79417,first
FNDA:0,first
FN:79471,odd
FNDA:0,odd
FN:79643,even
FNDA:0,even
FN:79817,filter
FNDA:0,filter
FN:80080,find
FNDA:0,find
FN:80576,contains
FNDA:0,contains
FN:80651,children
FNDA:0,children
FN:81119,parent
FNDA:0,parent
FN:81584,parents
FNDA:0,parents
FN:82192,siblings
FNDA:0,siblings
FN:82738,_siblingAll
FNDA:0,_siblingAll
FN:83237,_sibling
FNDA:0,_sibling
FN:83707,prev
FNDA:0,prev
FN:83797,next
FNDA:0,next
FN:83886,prevAll
FNDA:0,prevAll
FN:83982,nextAll
FNDA:0,nextAll
FN:84074,closest
FNDA:0,closest
FN:84596,has
FNDA:0,has
FN:84951,back
FNDA:0,back
FN:85252,createScript
FNDA:0,createScript
FN:85699,script
FNDA:0,script
FN:86017,script
FNDA:0,script
FN:86139,_prop
FNDA:0,_prop
FN:86503,prop
FNDA:0,prop
FN:86661,val
FNDA:0,val
FN:86994,html
FNDA:0,html
FN:87412,outerHTML
FNDA:0,outerHTML
FN:87480,text
FNDA:0,text
FN:87656,innerText
FNDA:0,innerText
FN:87824,empty
FNDA:0,empty
FN:87973,clear
FNDA:0,clear
FN:88036,$.each
FNDA:42,$.each
FN:88130,
FNDA:42,
FN:88388,each
FNDA:28,each
FN:88459,Data
FNDA:1,Data
FN:88598,cache
FNDA:14,cache
FN:89013,set
FNDA:14,set
FN:89355,get
FNDA:0,get
FN:89508,access
FNDA:0,access
FN:89764,remove
FNDA:0,remove
FN:90453,hasData
FNDA:0,hasData
FN:90638,hasData
FNDA:0,hasData
FN:90708,data
FNDA:0,data
FN:90803,removeData
FNDA:0,removeData
FN:90885,dataSet
FNDA:0,dataSet
FN:91144,data
FNDA:14,data
FN:92186,
FNDA:14,
FN:92269,removeData
FNDA:0,removeData
FN:92385,origin
FNDA:14,origin
FN:92997,uniqueId
FNDA:45,uniqueId
FN:93226,
FNDA:1080,
FN:93412,toArray
FNDA:0,toArray
FN:93565,import
FNDA:0,import
FN:93724,merge
FNDA:0,merge
FN:93945,type
FNDA:0,type
FN:94077,sleep
FNDA:0,sleep
FN:94167,isSelector
FNDA:0,isSelector
FN:94406,remove
FNDA:0,remove
FN:94634,matches
FNDA:0,matches
FN:94708,random
FNDA:0,random
FN:95061,serializeToArray
FNDA:0,serializeToArray
FN:97143,serialize
FNDA:0,serialize
FN:97250,items
FNDA:0,items
FN:97455,Event.stopPropagation
FNDA:0,Event.stopPropagation
FN:97589,Event.preventDefault
FNDA:0,Event.preventDefault
FN:97714,Event.stop
FNDA:0,Event.stop
FN:97982,setEventHandler
FNDA:14,setEventHandler
FN:98743,getEventHandler
FNDA:0,getEventHandler
FN:98958,off
FNDA:0,off
FN:99159,getEvents
FNDA:0,getEvents
FN:99224,getEventHooks
FNDA:0,getEventHooks
FN:99292,addEventHook
FNDA:0,addEventHook
FN:99547,removeEventHook
FNDA:0,removeEventHook
FN:99791,removeEventHooks
FNDA:0,removeEventHooks
FN:100150,on
FNDA:14,on
FN:100461,
FNDA:14,
FN:100536,
FNDA:14,
FN:100727,h
FNDA:0,h
FN:102501,one
FNDA:0,one
FN:102720,off
FNDA:0,off
FN:104082,trigger
FNDA:0,trigger
FN:104162,fire
FNDA:0,fire
FN:104839,
FNDA:24,
FN:104877,$.fn.<computed>
FNDA:0,$.fn.<computed>
FN:105038,hover
FNDA:0,hover
FN:105154,$.ready
FNDA:1,$.ready
FN:105267,$.load
FNDA:0,$.load
FN:105337,$.unload
FNDA:0,$.unload
FN:105424,unload
FNDA:0,unload
FN:105553,$.beforeunload
FNDA:0,$.beforeunload
FN:105820,beforeunload
FNDA:0,beforeunload
FN:105963,ready
FNDA:0,ready
FN:106114,$.ajax
FNDA:0,$.ajax
FN:109716,
FNDA:6,
FN:109765,$.<computed>
FNDA:0,$.<computed>
FN:110054,load
FNDA:0,load
FN:110391,style
FNDA:0,style
FN:111316,removeStyleProperty
FNDA:0,removeStyleProperty
FN:111666,css
FNDA:0,css
FN:112130,scrollTop
FNDA:0,scrollTop
FN:112370,scrollLeft
FNDA:0,scrollLeft
FN:112631,addClass
FNDA:0,addClass
FN:112668,removeClass
FNDA:0,removeClass
FN:112705,toggleClass
FNDA:0,toggleClass
FN:112744,containsClass
FNDA:0,containsClass
FN:112814,hasClass
FNDA:0,hasClass
FN:113286,clearClasses
FNDA:0,clearClasses
FN:113390,cls
FNDA:0,cls
FN:113536,removeClassBy
FNDA:0,removeClassBy
FN:113862,classNames
FNDA:0,classNames
FN:114397,
FNDA:3,
FN:114445,$.fn.<computed>
FNDA:0,$.fn.<computed>
FN:114992,$.parseHTML
FNDA:16,$.parseHTML
FN:115786,_size
FNDA:0,_size
FN:116476,height
FNDA:0,height
FN:116550,width
FNDA:0,width
FN:116626,_sizeOut
FNDA:0,_sizeOut
FN:117798,outerWidth
FNDA:0,outerWidth
FN:117880,outerHeight
FNDA:0,outerHeight
FN:117959,padding
FNDA:0,padding
FN:118281,margin
FNDA:0,margin
FN:118599,border
FNDA:0,border
FN:118962,offset
FNDA:0,offset
FN:119700,position
FNDA:0,position
FN:120186,left
FNDA:0,left
FN:120548,top
FNDA:0,top
FN:120909,coord
FNDA:0,coord
FN:121013,pos
FNDA:0,pos
FN:121222,attr
FNDA:16,attr
FN:121448,
FNDA:0,
FN:121782,
FNDA:0,
FN:122045,removeAttr
FNDA:0,removeAttr
FN:122630,toggleAttr
FNDA:0,toggleAttr
FN:122867,id
FNDA:0,id
FN:123140,meta
FNDA:16,meta
FN:123265,metaBy
FNDA:0,metaBy
FN:123384,doctype
FNDA:0,doctype
FN:123441,html
FNDA:0,html
FN:123495,head
FNDA:0,head
FN:123562,body
FNDA:0,body
FN:123620,document
FNDA:0,document
FN:123678,window
FNDA:0,window
FN:123735,charset
FNDA:0,charset
FN:123957,bind
FNDA:0,bind
FN:123992,
FNDA:1,
FN:124024,
FNDA:3,
FN:124077,
FNDA:6,
FN:124305,value
FNDA:0,value
FN:124939,normalizeElements
FNDA:0,normalizeElements
FN:125209,appendText
FNDA:0,appendText
FN:125337,prependText
FNDA:0,prependText
FN:125474,append
FNDA:0,append
FN:125885,appendTo
FNDA:0,appendTo
FN:126221,prepend
FNDA:0,prepend
FN:126634,prependTo
FNDA:0,prependTo
FN:126979,insertBefore
FNDA:0,insertBefore
FN:127402,insertAfter
FNDA:0,insertAfter
FN:127845,after
FNDA:0,after
FN:128109,before
FNDA:0,before
FN:128376,clone
FNDA:0,clone
FN:128910,import
FNDA:0,import
FN:129143,adopt
FNDA:0,adopt
FN:129312,remove
FNDA:0,remove
FN:129776,wrap
FNDA:0,wrap
FN:130349,wrapAll
FNDA:0,wrapAll
FN:130868,wrapInner
FNDA:0,wrapInner
FN:131499,
FNDA:0,
FN:131984,_validElement
FNDA:0,_validElement
FN:132085,_getRelativeValue
FNDA:0,_getRelativeValue
FN:132530,_getStyle
FNDA:0,_getStyle
FN:132915,_setStyle
FNDA:0,_setStyle
FN:133366,_applyStyles
FNDA:0,_applyStyles
FN:133528,_getElementTransforms
FNDA:0,_getElementTransforms
FN:133813,_getColorArrayFromHex
FNDA:0,_getColorArrayFromHex
FN:134024,_getColorArrayFromElement
FNDA:0,_getColorArrayFromElement
FN:134200,_applyTransform
FNDA:0,_applyTransform
FN:135071,_applyColors
FNDA:0,_applyColors
FN:135380,_expandColorValue
FNDA:0,_expandColorValue
FN:135682,applyProps
FNDA:0,applyProps
FN:135845,createAnimationMap
FNDA:0,createAnimationMap
FN:137939,minMax
FNDA:0,minMax
FN:138051,linear
FNDA:0,linear
FN:138189,Sine
FNDA:0,Sine
FN:138301,Circ
FNDA:0,Circ
FN:138408,Back
FNDA:0,Back
FN:138512,Bounce
FNDA:0,Bounce
FN:138762,Elastic
FNDA:0,Elastic
FN:139248,
FNDA:5,
FN:139289,eases.<computed>
FNDA:0,eases.<computed>
FN:139416,
FNDA:10,
FN:139538,Easing.<computed>
FNDA:0,Easing.<computed>
FN:139674,Easing.<computed>
FNDA:0,Easing.<computed>
FN:140034,onStart
FNDA:0,onStart
FN:140066,onStop
FNDA:0,onStop
FN:140101,onStopAll
FNDA:0,onStopAll
FN:140134,onPause
FNDA:0,onPause
FN:140170,onPauseAll
FNDA:0,onPauseAll
FN:140204,onResume
FNDA:0,onResume
FN:140241,onResumeAll
FNDA:0,onResumeAll
FN:140274,onFrame
FNDA:0,onFrame
FN:140306,onDone
FNDA:0,onDone
FN:140332,animate
FNDA:0,animate
FN:145216,stopAnimation
FNDA:0,stopAnimation
FN:145523,stopAnimationAll
FNDA:0,stopAnimationAll
FN:146084,pauseAnimation
FNDA:0,pauseAnimation
FN:146357,pauseAnimationAll
FNDA:0,pauseAnimationAll
FN:146893,resumeAnimation
FNDA:0,resumeAnimation
FN:147153,resumeAnimationAll
FNDA:0,resumeAnimationAll
FN:147826,chain
FNDA:0,chain
FN:148742,animate
FNDA:0,animate
FN:149963,animate
FNDA:0,animate
FN:151235,chain
FNDA:0,chain
FN:151507,stop
FNDA:0,stop
FN:151761,pause
FNDA:0,pause
FN:152007,resume
FNDA:0,resume
FN:152272,hidden
FNDA:0,hidden
FN:152658,hide
FNDA:0,hide
FN:153053,show
FNDA:0,show
FN:153748,visible
FNDA:0,visible
FN:154028,toggle
FNDA:0,toggle
FN:154199,hide
FNDA:0,hide
FN:154453,show
FNDA:0,show
FN:154710,visible
FNDA:0,visible
FN:154831,toggle
FNDA:0,toggle
FN:154939,hidden
FNDA:0,hidden
FN:155130,fadeIn
FNDA:0,fadeIn
FN:156329,fadeOut
FNDA:0,fadeOut
FN:157341,slideUp
FNDA:0,slideUp
FN:158430,slideDown
FNDA:0,slideDown
FN:159764,moveTo
FNDA:0,moveTo
FN:160279,centerTo
FNDA:0,centerTo
FN:160848,colorTo
FNDA:0,colorTo
FN:161368,backgroundTo
FNDA:0,backgroundTo
FN:161903,$.init
FNDA:45,$.init
FN:162295,
FNDA:0,
FN:162753,
FNDA:0,
FN:163137,
FNDA:0,
FN:163658,
FNDA:0,
FN:163862,
FNDA:0,
FN:164300,EVENTS
FNDA:0,EVENTS
FN:164324,info
FNDA:0,info
FN:164353,useCompose
FNDA:0,useCompose
FN:164385,useCurry
FNDA:0,useCurry
FN:164418,useDebounce
FNDA:0,useDebounce
FN:164451,useEvent
FNDA:0,useEvent
FN:164480,useMemo
FNDA:0,useMemo
FN:164508,usePipe
FNDA:0,usePipe
FN:164537,useState
FNDA:0,useState
FN:164570,useThrottle
FNDA:0,useThrottle
FN:164652,useState
FNDA:0,useState
FN:165075,
FNDA:1,
FN:165319,useEvent
FNDA:0,useEvent
FN:168082,useMemo
FNDA:0,useMemo
FN:168409,useDebounce
FNDA:0,useDebounce
FN:168630,usePipe
FNDA:0,usePipe
FN:168743,useCurry
FNDA:0,useCurry
FN:169011,useCompose
FNDA:0,useCompose
FN:169132,useThrottle
FNDA:0,useThrottle
FN:169672,info3
FNDA:0,info3
FN:170026,HSV
FNDA:0,HSV
FN:170127,toString
FNDA:0,toString
FN:170300,HSL
FNDA:0,HSL
FN:170493,toString
FNDA:0,toString
FN:170667,HSLA
FNDA:0,HSLA
FN:170887,toString
FNDA:0,toString
FN:171092,RGB
FNDA:0,RGB
FN:171191,toString
FNDA:0,toString
FN:171291,RGBA
FNDA:0,RGBA
FN:171417,toString
FNDA:0,toString
FN:171528,CMYK
FNDA:0,CMYK
FN:171652,toString
FNDA:0,toString
FN:175955,color
FNDA:0,color
FN:176126,palette
FNDA:0,palette
FN:176223,colors
FNDA:0,colors
FN:176792,convert
FNDA:0,convert
FN:177656,clamp
FNDA:0,clamp
FN:177740,toRange
FNDA:0,toRange
FN:177816,shift
FNDA:0,shift
FN:177943,test
FNDA:0,test
FN:178788,createColor
FNDA:0,createColor
FN:179108,expandHexColor
FNDA:0,expandHexColor
FN:179615,isDark
FNDA:0,isDark
FN:179830,isLight
FNDA:0,isLight
FN:179889,isHSV
FNDA:0,isHSV
FN:179966,isHSL
FNDA:0,isHSL
FN:180044,isHSLA
FNDA:0,isHSLA
FN:180122,isRGB
FNDA:0,isRGB
FN:180200,isRGBA
FNDA:0,isRGBA
FN:180279,isCMYK
FNDA:0,isCMYK
FN:180357,isHEX
FNDA:0,isHEX
FN:180452,isColor
FNDA:0,isColor
FN:180711,colorType
FNDA:0,colorType
FN:181095,equal
FNDA:0,equal
FN:181262,colorToString
FNDA:0,colorToString
FN:181325,hex2rgb
FNDA:0,hex2rgb
FN:181620,rgb2hex
FNDA:0,rgb2hex
FN:181743,rgb2hsv
FNDA:0,rgb2hsv
FN:182488,hsv2rgb
FNDA:0,hsv2rgb
FN:183401,hsv2hex
FNDA:0,hsv2hex
FN:183467,hex2hsv
FNDA:0,hex2hsv
FN:183534,rgb2cmyk
FNDA:0,rgb2cmyk
FN:184101,cmyk2rgb
FNDA:0,cmyk2rgb
FN:184380,hsv2hsl
FNDA:0,hsv2hsl
FN:184778,hsl2hsv
FNDA:0,hsl2hsv
FN:185047,rgb2websafe
FNDA:0,rgb2websafe
FN:185215,rgba2websafe
FNDA:0,rgba2websafe
FN:185365,hex2websafe
FNDA:0,hex2websafe
FN:185448,hsv2websafe
FNDA:0,hsv2websafe
FN:185529,hsl2websafe
FNDA:0,hsl2websafe
FN:185620,cmyk2websafe
FNDA:0,cmyk2websafe
FN:185703,websafe
FNDA:0,websafe
FN:186053,toColor
FNDA:0,toColor
FN:186692,toHEX
FNDA:0,toHEX
FN:186837,toRGB
FNDA:0,toRGB
FN:187264,toRGBA
FNDA:0,toRGBA
FN:187532,toHSV
FNDA:0,toHSV
FN:187598,toHSL
FNDA:0,toHSL
FN:187674,toHSLA
FNDA:0,toHSLA
FN:187984,toCMYK
FNDA:0,toCMYK
FN:188055,grayscale
FNDA:0,grayscale
FN:188322,darken
FNDA:0,darken
FN:188419,lighten
FNDA:0,lighten
FN:189225,hueShift
FNDA:0,hueShift
FN:189499,mix
FNDA:0,mix
FN:189918,multiply
FNDA:0,multiply
FN:190217,shade
FNDA:0,shade
FN:190837,saturate
FNDA:0,saturate
FN:191261,desaturate
FNDA:0,desaturate
FN:191673,spin
FNDA:0,spin
FN:192114,brighten
FNDA:0,brighten
FN:192721,add
FNDA:0,add
FN:193229,createColorScheme
FNDA:0,createColorScheme
FN:199090,parseColor
FNDA:0,parseColor
FN:200129,randomColor
FNDA:0,randomColor
FN:201609,_setValue
FNDA:0,_setValue
FN:201990,_setOptions
FNDA:0,_setOptions
FN:202257,Farbe2
FNDA:0,Farbe2
FN:202583,get options
FNDA:0,get options
FN:202733,set options
FNDA:0,set options
FN:202878,get value
FNDA:0,get value
FN:203080,set value
FNDA:0,set value
FN:203225,toRGB
FNDA:0,toRGB
FN:203444,get rgb
FNDA:0,get rgb
FN:203652,toRGBA
FNDA:0,toRGBA
FN:204127,get rgba
FNDA:0,get rgba
FN:204351,toHEX
FNDA:0,toHEX
FN:204565,get hex
FNDA:0,get hex
FN:204730,toHSV
FNDA:0,toHSV
FN:204941,get hsv
FNDA:0,get hsv
FN:205106,toHSL
FNDA:0,toHSL
FN:205317,get hsl
FNDA:0,get hsl
FN:205502,toHSLA
FNDA:0,toHSLA
FN:205900,get hsla
FNDA:0,get hsla
FN:206125,toCMYK
FNDA:0,toCMYK
FN:206340,get cmyk
FNDA:0,get cmyk
FN:206515,toWebsafe
FNDA:0,toWebsafe
FN:206738,get websafe
FNDA:0,get websafe
FN:206989,toString
FNDA:0,toString
FN:207254,darken
FNDA:0,darken
FN:207582,lighten
FNDA:0,lighten
FN:207831,isDark
FNDA:0,isDark
FN:208007,isLight
FNDA:0,isLight
FN:208208,hueShift
FNDA:0,hueShift
FN:208452,grayscale
FNDA:0,grayscale
FN:208752,get type
FNDA:0,get type
FN:209120,getScheme
FNDA:0,getScheme
FN:209375,equal
FNDA:0,equal
FN:209440,random
FNDA:0,random
FN:209530,channel
FNDA:0,channel
FN:210420,add
FNDA:0,add
FN:210490,mix
FNDA:0,mix
FN:210576,multiply
FNDA:0,multiply
FN:210656,shade
FNDA:0,shade
FN:210732,saturate
FNDA:0,saturate
FN:210814,desaturate
FNDA:0,desaturate
FN:210900,spin
FNDA:0,spin
FN:210974,brighten
FNDA:0,brighten
FN:211187,info4
FNDA:0,info4
FN:211478,globalThis.farbe
FNDA:0,globalThis.farbe
FN:211815,dashedName2
FNDA:0,dashedName2
FN:211944,setClasses
FNDA:0,setClasses
FN:212104,setStyles
FNDA:0,setStyles
FN:212890,htmlParser
FNDA:0,htmlParser
FN:214954,BaseElement
FNDA:0,BaseElement
FN:215046,selfAttributes
FNDA:0,selfAttributes
FN:215092,get attributes
FNDA:0,get attributes
FN:215166,getAttributes
FNDA:0,getAttributes
FN:216002,draw
FNDA:0,draw
FN:216051,get dataSet
FNDA:0,get dataSet
FN:216269,get aria
FNDA:0,get aria
FN:216476,get events
FNDA:0,get events
FN:216894,get classes
FNDA:0,get classes
FN:216965,get styles
FNDA:0,get styles
FN:217034,template
FNDA:0,template
FN:217074,toString
FNDA:0,toString
FN:217123,toElement
FNDA:0,toElement
FN:217201,parser
FNDA:0,parser
FN:217603,Tag
FNDA:0,Tag
FN:217926,template
FNDA:0,template
FN:218122,draw
FNDA:0,draw
FN:218256,SingleTag
FNDA:0,SingleTag
FN:218346,template
FNDA:0,template
FN:218533,render
FNDA:0,render
FN:222442,router
FNDA:0,router
FN:222501,createStyleElement
FNDA:0,createStyleElement
FN:222796,createStyleSheet
FNDA:0,createStyleSheet
FN:222877,addCssRule
FNDA:0,addCssRule
FN:222981,addStyle
FNDA:0,addStyle
FN:223252,cssLoader
FNDA:0,cssLoader
FN:223623,jsLoader
FNDA:0,jsLoader
FN:223997,viewLoader
FNDA:0,viewLoader
FN:224689,clearViewStorageHolder
FNDA:0,clearViewStorageHolder
FN:224868,html2
FNDA:0,html2
FN:224969,head
FNDA:0,head
FN:225138,base
FNDA:0,base
FN:225473,link
FNDA:0,link
FN:225574,body
FNDA:0,body
FN:225675,span
FNDA:0,span
FN:225936,img
FNDA:0,img
FN:226647,input
FNDA:0,input
FN:226807,br
FNDA:0,br
FN:226906,hr
FNDA:0,hr
FN:226976,Heading
FNDA:0,Heading
FN:227082,heading
FNDA:0,heading
FN:227145,h1
FNDA:0,h1
FN:227193,h2
FNDA:0,h2
FN:227241,h3
FNDA:0,h3
FN:227289,h4
FNDA:0,h4
FN:227337,h5
FNDA:0,h5
FN:227385,h6
FNDA:0,h6
FN:227500,section
FNDA:0,section
FN:227740,anchor
FNDA:0,anchor
FN:227784,a
FNDA:0,a
FN:227887,abbr
FNDA:0,abbr
FN:227997,article
FNDA:0,article
FN:228098,nav
FNDA:0,nav
FN:228201,aside
FNDA:0,aside
FN:228309,header
FNDA:0,header
FN:228418,footer
FNDA:0,footer
FN:228530,address
FNDA:0,address
FN:228684,map
FNDA:0,map
FN:228909,area
FNDA:0,area
FN:229115,audio
FNDA:0,audio
FN:229217,bold
FNDA:0,bold
FN:229315,bdi
FNDA:0,bdi
FN:229412,bdo
FNDA:0,bdo
FN:229582,blockquote
FNDA:0,blockquote
FN:229860,button
FNDA:0,button
FN:230032,canvas
FNDA:0,canvas
FN:230439,table
FNDA:0,table
FN:230613,caption
FNDA:0,caption
FN:230819,col
FNDA:0,col
FN:231036,colgroup
FNDA:0,colgroup
FN:231117,TableSection
FNDA:0,TableSection
FN:231209,selfAttributes
FNDA:0,selfAttributes
FN:231317,tbody
FNDA:0,tbody
FN:231380,thead
FNDA:0,thead
FN:231443,tfoot
FNDA:0,tfoot
FN:231669,tr
FNDA:0,tr
FN:231747,TableCell
FNDA:0,TableCell
FN:231836,selfAttributes
FNDA:0,selfAttributes
FN:232057,th
FNDA:0,th
FN:232111,td
FNDA:0,td
FN:232223,cite
FNDA:0,cite
FN:232324,code
FNDA:0,code
FN:232523,dl
FNDA:0,dl
FN:232564,dt
FNDA:0,dt
FN:232605,dd
FNDA:0,dd
FN:232713,details
FNDA:0,details
FN:232826,summary
FNDA:0,summary
FN:232927,dfn
FNDA:0,dfn
FN:233086,div
FNDA:0,div
FN:233180,em
FNDA:0,em
FN:233276,ital
FNDA:0,ital
FN:233318,i
FNDA:0,i
FN:233425,strong
FNDA:0,strong
FN:233653,embed
FNDA:0,embed
FN:233764,noembed
FNDA:0,noembed
FN:233941,fieldset
FNDA:0,fieldset
FN:234114,legend
FNDA:0,legend
FN:234223,figure
FNDA:0,figure
FN:234344,figcaption
FNDA:0,figcaption
FN:234592,form
FNDA:0,form
FN:234821,frameset
FNDA:0,frameset
FN:235049,frame
FNDA:0,frame
FN:235168,noframes
FNDA:0,noframes
FN:235499,iframe
FNDA:0,iframe
FN:235663,ins
FNDA:0,ins
FN:235760,kbd
FNDA:0,kbd
FN:235914,label
FNDA:0,label
FN:235984,List
FNDA:0,List
FN:236073,selfAttributes
FNDA:0,selfAttributes
FN:236308,ul
FNDA:0,ul
FN:236357,ol
FNDA:0,ol
FN:236406,li
FNDA:0,li
FN:236511,mark
FNDA:0,mark
FN:236624,noscript
FNDA:0,noscript
FN:236816,select
FNDA:0,select
FN:236987,optgroup
FNDA:0,optgroup
FN:237163,option
FNDA:0,option
FN:237339,output
FNDA:0,output
FN:237502,paragraph
FNDA:0,paragraph
FN:237549,p
FNDA:0,p
FN:237652,pre
FNDA:0,pre
FN:237800,q
FNDA:0,q
FN:237849,quoted
FNDA:0,quoted
FN:237958,strike
FNDA:0,strike
FN:238002,s
FNDA:0,s
FN:238200,script
FNDA:0,script
FN:238306,small
FNDA:0,small
FN:238488,source
FNDA:0,source
FN:238593,sub
FNDA:0,sub
FN:238690,sup
FNDA:0,sup
FN:238927,textarea
FNDA:0,textarea
FN:239099,time
FNDA:0,time
FN:239288,track
FNDA:0,track
FN:239397,variable
FNDA:0,variable
FN:239634,video
FNDA:0,video
FN:239742,wbr
FNDA:0,wbr
FN:239842,main
FNDA:0,main
FN:240037,meta
FNDA:0,meta
FN:240142,title2
FNDA:0,title2
FN:240388,template
FNDA:0,template
FN:240609,ruby
FNDA:0,ruby
FN:240652,rt
FNDA:0,rt
FN:240693,rp
FNDA:0,rp
FN:240793,data
FNDA:0,data
FN:240904,picture
FNDA:0,picture
FN:241066,dialog
FNDA:0,dialog
FN:241221,slot
FNDA:0,slot
FN:243714,info5
FNDA:0,info5
FN:243944,extract
FNDA:0,extract
FN:244122,restore
FNDA:0,restore
FN:245087,_getRelativeValue2
FNDA:0,_getRelativeValue2
FN:245486,_getStyle2
FNDA:0,_getStyle2
FN:245871,_setStyle2
FNDA:0,_setStyle2
FN:246288,_applyStyles2
FNDA:0,_applyStyles2
FN:246456,_getElementTransforms2
FNDA:0,_getElementTransforms2
FN:246775,_getColorArrayFromHex2
FNDA:0,_getColorArrayFromHex2
FN:246941,_getColorArrayFromElement2
FNDA:0,_getColorArrayFromElement2
FN:247065,_applyTransform2
FNDA:0,_applyTransform2
FN:247841,_applyColors2
FNDA:0,_applyColors2
FN:248145,_expandColorValue2
FNDA:0,_expandColorValue2
FN:248438,applyProps2
FNDA:0,applyProps2
FN:248620,createAnimationMap2
FNDA:0,createAnimationMap2
FN:250577,exec
FNDA:0,exec
FN:250967,undef
FNDA:0,undef
FN:251057,camelCase3
FNDA:0,camelCase3
FN:251134,each
FNDA:0,each
FN:251481,isArrayLike2
FNDA:0,isArrayLike2
FN:251625,getUnit2
FNDA:0,getUnit2
FN:251867,parseUnit2
FNDA:0,parseUnit2
FN:252034,minMax2
FNDA:0,minMax2
FN:252148,linear
FNDA:0,linear
FN:252231,Sine
FNDA:0,Sine
FN:252285,Circ
FNDA:0,Circ
FN:252334,Back
FNDA:0,Back
FN:252380,Bounce
FNDA:0,Bounce
FN:252588,Elastic
FNDA:0,Elastic
FN:252960,
FNDA:5,
FN:252997,eases2.<computed>
FNDA:0,eases2.<computed>
FN:253067,
FNDA:10,
FN:253187,Easing2.<computed>
FNDA:0,Easing2.<computed>
FN:253266,Easing2.<computed>
FNDA:0,Easing2.<computed>
FN:253591,onFrame
FNDA:0,onFrame
FN:253618,onDone
FNDA:0,onDone
FN:253654,animate2
FNDA:0,animate2
FN:257429,stop
FNDA:0,stop
FN:257522,chain2
FNDA:0,chain2
FN:257974,info6
FNDA:0,info6
FN:258551,americanExpress
FNDA:0,americanExpress
FN:258585,array
FNDA:0,array
FN:258610,base64
FNDA:0,base64
FN:258637,between
FNDA:0,between
FN:258664,bigint
FNDA:0,bigint
FN:258691,boolean
FNDA:0,boolean
FN:258717,bytes
FNDA:0,bytes
FN:258743,compose
FNDA:0,compose
FN:258774,creditCard
FNDA:0,creditCard
FN:258802,date
FNDA:0,date
FN:258826,digits
FNDA:0,digits
FN:258852,diners
FNDA:0,diners
FN:258880,discover
FNDA:0,discover
FN:258908,domain
FNDA:0,domain
FN:258933,email
FNDA:0,email
FN:258960,endsWith
FNDA:0,endsWith
FN:258989,finite
FNDA:0,finite
FN:259014,float
FNDA:0,float
FN:259037,func
FNDA:0,func
FN:259068,hexColor
FNDA:0,hexColor
FN:259094,imei
FNDA:0,imei
FN:259116,info
FNDA:0,info
FN:259142,integer
FNDA:0,integer
FN:259165,ip
FNDA:0,ip
FN:259185,ipv4
FNDA:0,ipv4
FN:259207,ipv6
FNDA:0,ipv6
FN:259228,jcb
FNDA:0,jcb
FN:259251,length
FNDA:0,length
FN:259281,mastercard
FNDA:0,mastercard
FN:259314,maxLength
FNDA:0,maxLength
FN:259345,maxValue
FNDA:0,maxValue
FN:259376,minLength
FNDA:0,minLength
FN:259407,minValue
FNDA:0,minValue
FN:259436,notNull
FNDA:0,notNull
FN:259466,notNumber
FNDA:0,notNumber
FN:259495,number
FNDA:0,number
FN:259521,object
FNDA:0,object
FN:259546,parse
FNDA:0,parse
FN:259573,pattern
FNDA:0,pattern
FN:259598,pipe
FNDA:0,pipe
FN:259624,required
FNDA:0,required
FN:259658,safeInteger
FNDA:0,safeInteger
FN:259692,safeParse
FNDA:0,safeParse
FN:259725,startsWith
FNDA:0,startsWith
FN:259756,string
FNDA:0,string
FN:259782,symbol
FNDA:0,symbol
FN:259810,unionPay
FNDA:0,unionPay
FN:259839,unknown
FNDA:0,unknown
FN:259863,url
FNDA:0,url
FN:259884,visa
FNDA:0,visa
FN:259949,GuardianError
FNDA:0,GuardianError
FN:260127,parse2
FNDA:0,parse2
FN:261098,safeParse
FNDA:0,safeParse
FN:261988,pipe
FNDA:0,pipe
FN:262100,compose
FNDA:0,compose
FN:262269,string
FNDA:0,string
FN:262580,isValue
FNDA:0,isValue
FN:262721,startsWith2
FNDA:0,startsWith2
FN:263258,endsWith2
FNDA:0,endsWith2
FN:263714,unknown
FNDA:0,unknown
FN:263853,symbol
FNDA:0,symbol
FN:264151,bigint
FNDA:0,bigint
FN:264534,date
FNDA:0,date
FN:264902,_function
FNDA:0,_function
FN:265228,integer
FNDA:0,integer
FN:265609,safeInteger
FNDA:0,safeInteger
FN:266004,minValue
FNDA:0,minValue
FN:266545,maxValue
FNDA:0,maxValue
FN:267088,email
FNDA:0,email
FN:267534,required2
FNDA:0,required2
FN:267933,number
FNDA:0,number
FN:268316,object
FNDA:0,object
FN:268625,between
FNDA:0,between
FN:269291,finite
FNDA:0,finite
FN:269675,base64
FNDA:0,base64
FN:270168,notNumber
FNDA:0,notNumber
FN:270528,boolean
FNDA:0,boolean
FN:270900,array
FNDA:0,array
FN:271660,isValidIMEI
FNDA:0,isValidIMEI
FN:272135,imei
FNDA:0,imei
FN:272510,length
FNDA:0,length
FN:272911,minLength
FNDA:0,minLength
FN:273314,maxLength
FNDA:0,maxLength
FN:274259,ip
FNDA:0,ip
FN:274615,ipv4
FNDA:0,ipv4
FN:274946,ipv6
FNDA:0,ipv6
FN:275448,domain
FNDA:0,domain
FN:276287,url
FNDA:0,url
FN:276737,hexColor
FNDA:0,hexColor
FN:278203,creditCard
FNDA:0,creditCard
FN:278717,card
FNDA:0,card
FN:279069,visa
FNDA:0,visa
FN:279196,mastercard
FNDA:0,mastercard
FN:279342,americanExpress
FNDA:0,americanExpress
FN:279480,discover
FNDA:0,discover
FN:279609,diners
FNDA:0,diners
FN:279739,jcb
FNDA:0,jcb
FN:279867,unionPay
FNDA:0,unionPay
FN:280067,bytes
FNDA:0,bytes
FN:280506,notNull
FNDA:0,notNull
FN:280875,pattern
FNDA:0,pattern
FN:281349,digits
FNDA:0,digits
FN:281709,float
FNDA:0,float
FN:282119,info7
FNDA:0,info7
FN:282433,
FNDA:1,
FN:287105,
FNDA:1,
FN:287515,normalizeComponentName
FNDA:180,normalizeComponentName
FN:291565,info
FNDA:0,info
FN:292368,aboutDlg
FNDA:0,aboutDlg
FN:292453,observe
FNDA:0,observe
FN:294789,init
FNDA:0,init
FN:296646,initHotkeys
FNDA:0,initHotkeys
FN:297388,initWidgets
FNDA:0,initWidgets
FN:298727,plugin
FNDA:90,plugin
FN:298828,register
FNDA:90,register
FN:298868,$3.fn.<computed>
FNDA:0,$3.fn.<computed>
FN:299172,pluginExists
FNDA:0,pluginExists
FN:299345,destroyPlugin
FNDA:0,destroyPlugin
FN:300142,destroyPluginAll
FNDA:0,destroyPluginAll
FN:300385,noop
FNDA:0,noop
FN:300424,noop_true
FNDA:0,noop_true
FN:300485,noop_false
FNDA:0,noop_false
FN:300545,noop_arg
FNDA:0,noop_arg
FN:300613,requestFullScreen
FNDA:0,requestFullScreen
FN:301173,exitFullScreen
FNDA:0,exitFullScreen
FN:301711,inFullScreen
FNDA:0,inFullScreen
FN:301929,$
FNDA:0,$
FN:302013,get$el
FNDA:0,get$el
FN:302095,get$elements
FNDA:0,get$elements
FN:302244,getPlugin
FNDA:0,getPlugin
FN:302435,makePlugin
FNDA:0,makePlugin
FN:302680,Component
FNDA:90,Component
FN:302869,_super
FNDA:0,_super
FN:303415,_setOptionsFromDOM
FNDA:0,_setOptionsFromDOM
FN:303792,_runtime
FNDA:0,_runtime
FN:304665,_createExec
FNDA:0,_createExec
FN:304979,_fireEvent
FNDA:0,_fireEvent
FN:305749,_fireEvents
FNDA:0,_fireEvents
FN:306534,getComponent
FNDA:0,getComponent
FN:306623,getComponentName
FNDA:0,getComponentName
FN:306806,status
FNDA:0,status
FN:306959,json
FNDA:0,json
FN:307039,text
FNDA:0,text
FN:307119,form
FNDA:0,form
FN:307203,blob
FNDA:0,blob
FN:307285,buffer
FNDA:0,buffer
FN:307388,loadLocale
FNDA:0,loadLocale
FN:307436,getMessage
FNDA:0,getMessage
FN:307493,updateUI
FNDA:0,updateUI
FN:307818,
FNDA:0,
FN:308127,
FNDA:0,
FN:308236,
FNDA:1,
FN:310548,
FNDA:1,
FN:312788,
FNDA:1,
FN:315074,
FNDA:1,
FN:317398,
FNDA:1,
FN:319753,
FNDA:1,
FN:322129,
FNDA:1,
FN:324455,
FNDA:1,
FN:326779,
FNDA:1,
FN:329306,
FNDA:1,
FN:331628,
FNDA:1,
FN:336065,
FNDA:1,
FN:338452,
FNDA:1,
FN:342938,
FNDA:1,
FN:345763,
FNDA:1,
FN:348453,
FNDA:1,
FN:348573,Array.shuffle
FNDA:0,Array.shuffle
FN:349061,Array.clone
FNDA:0,Array.clone
FN:349206,Array.unique
FNDA:0,Array.unique
FN:349559,Array.pack
FNDA:0,Array.pack
FN:349692,
FNDA:1,
FN:349753,Number.format
FNDA:0,Number.format
FN:350046,
FNDA:1,
FN:350108,String.toArray
FNDA:0,String.toArray
FN:350963,String.capitalize
FNDA:0,String.capitalize
FN:351116,
FNDA:1,
FN:351193,nothing
FNDA:0,nothing
FN:351227,noop
FNDA:0,noop
FN:351266,elementId
FNDA:0,elementId
FN:351405,secondsToTime
FNDA:0,secondsToTime
FN:351829,secondsToFormattedString
FNDA:0,secondsToFormattedString
FN:352231,func
FNDA:0,func
FN:352305,exec
FNDA:0,exec
FN:352789,embedUrl
FNDA:0,embedUrl
FN:353049,isVisible
FNDA:0,isVisible
FN:353264,isUrl
FNDA:0,isUrl
FN:353424,isTag
FNDA:0,isTag
FN:353527,isEmbedObject
FNDA:0,isEmbedObject
FN:353954,isVideoUrl
FNDA:0,isVideoUrl
FN:354054,isDate
FNDA:0,isDate
FN:354412,isDateObject
FNDA:0,isDateObject
FN:354511,isInt
FNDA:0,isInt
FN:354594,isFloat
FNDA:0,isFloat
FN:354701,isFunc
FNDA:0,isFunc
FN:354785,isObject
FNDA:0,isObject
FN:354866,isObject2
FNDA:0,isObject2
FN:354962,isType
FNDA:0,isType
FN:356093,$
FNDA:0,$
FN:356184,isMetroObject
FNDA:0,isMetroObject
FN:356633,isJQuery
FNDA:0,isJQuery
FN:356740,isM4Q
FNDA:0,isM4Q
FN:356839,isQ
FNDA:0,isQ
FN:356933,isOutsider
FNDA:0,isOutsider
FN:357350,inViewport
FNDA:0,inViewport
FN:357625,rect
FNDA:0,rect
FN:357717,getCursorPosition
FNDA:0,getCursorPosition
FN:357944,getCursorPositionX
FNDA:0,getCursorPositionX
FN:358045,getCursorPositionY
FNDA:0,getCursorPositionY
FN:358140,objectLength
FNDA:0,objectLength
FN:358220,percent
FNDA:0,percent
FN:358474,objectShift
FNDA:0,objectShift
FN:358779,objectDelete
FNDA:0,objectDelete
FN:358883,arrayDeleteByMultipleKeys
FNDA:0,arrayDeleteByMultipleKeys
FN:359098,arrayDelete
FNDA:0,arrayDelete
FN:359227,arrayDeleteByKey
FNDA:0,arrayDeleteByKey
FN:359296,nvl
FNDA:0,nvl
FN:359416,objectClone
FNDA:0,objectClone
FN:359624,github
FNDA:0,github
FN:359864,pageHeight
FNDA:0,pageHeight
FN:360100,cleanPreCode
FNDA:0,cleanPreCode
FN:360829,coords
FNDA:0,coords
FN:361076,positionXY
FNDA:0,positionXY
FN:361499,clientXY
FNDA:0,clientXY
FN:361825,screenXY
FNDA:0,screenXY
FN:362149,pageXY
FNDA:0,pageXY
FN:362357,isRightMouse
FNDA:0,isRightMouse
FN:362492,hiddenElementSize
FNDA:0,hiddenElementSize
FN:363056,getStyle
FNDA:0,getStyle
FN:363199,getStyleOne
FNDA:0,getStyleOne
FN:363317,getInlineStyles
FNDA:0,getInlineStyles
FN:363579,encodeURI
FNDA:0,encodeURI
FN:363705,updateURIParameter
FNDA:0,updateURIParameter
FN:364070,getURIParameter
FNDA:0,getURIParameter
FN:364455,getLocales
FNDA:0,getLocales
FN:364538,addLocale
FNDA:0,addLocale
FN:364650,aspectRatioH
FNDA:0,aspectRatioH
FN:364849,aspectRatioW
FNDA:0,aspectRatioW
FN:365053,valueInObject
FNDA:0,valueInObject
FN:365159,keyInObject
FNDA:0,keyInObject
FN:365256,inObject
FNDA:0,inObject
FN:365366,newCssSheet
FNDA:0,newCssSheet
FN:365678,addCssRule
FNDA:0,addCssRule
FN:365805,media
FNDA:0,media
FN:365899,mediaModes
FNDA:0,mediaModes
FN:365974,mediaExist
FNDA:0,mediaExist
FN:366071,inMedia
FNDA:0,inMedia
FN:366239,isValue
FNDA:0,isValue
FN:366339,isNull
FNDA:0,isNull
FN:366429,isNegative
FNDA:0,isNegative
FN:366508,isPositive
FNDA:0,isPositive
FN:366583,isZero
FNDA:0,isZero
FN:366672,between
FNDA:0,between
FN:366826,parseMoney
FNDA:0,parseMoney
FN:366933,parseCard
FNDA:0,parseCard
FN:367019,parsePhone
FNDA:0,parsePhone
FN:367099,parseNumber
FNDA:0,parseNumber
FN:367270,nearest
FNDA:0,nearest
FN:367441,bool
FNDA:0,bool
FN:367710,copy
FNDA:0,copy
FN:368758,decCount
FNDA:0,decCount
FN:368867,classNames
FNDA:0,classNames
FN:369405,join
FNDA:0,join
FN:369761,copy2clipboard
FNDA:0,copy2clipboard
FN:369914,getCssVar
FNDA:0,getCssVar
FN:370230,
FNDA:1,
FN:370991,Metro2.accordionSetup
FNDA:1,Metro2.accordionSetup
FN:371270,init
FNDA:0,init
FN:371401,_create
FNDA:0,_create
FN:371632,_createStructure
FNDA:0,_createStructure
FN:372745,_createEvents
FNDA:0,_createEvents
FN:373409,_openFrame
FNDA:0,_openFrame
FN:374123,_closeFrame
FNDA:0,_closeFrame
FN:374835,_closeAll
FNDA:0,_closeAll
FN:375097,_hideAll
FNDA:0,_hideAll
FN:375319,_openAll
FNDA:0,_openAll
FN:375535,open
FNDA:0,open
FN:375713,changeAttribute
FNDA:0,changeAttribute
FN:375762,destroy
FNDA:0,destroy
FN:375970,
FNDA:1,
FN:376934,Metro2.dialogSetup
FNDA:1,Metro2.dialogSetup
FN:377214,init
FNDA:0,init
FN:377446,_create
FNDA:0,_create
FN:377647,_build
FNDA:0,_build
FN:380491,_overlay
FNDA:0,_overlay
FN:380930,hide
FNDA:0,hide
FN:381363,show
FNDA:0,show
FN:381626,setPosition
FNDA:0,setPosition
FN:382329,setContent
FNDA:0,setContent
FN:382805,setTitle
FNDA:0,setTitle
FN:383094,close
FNDA:0,close
FN:383508,open
FNDA:0,open
FN:384169,toggle
FNDA:0,toggle
FN:384353,isOpen
FNDA:0,isOpen
FN:384486,changeAttribute
FNDA:0,changeAttribute
FN:384536,destroy
FNDA:0,destroy
FN:384850,isDialog
FNDA:0,isDialog
FN:384936,open
FNDA:0,open
FN:385298,close
FNDA:0,close
FN:385459,toggle
FNDA:0,toggle
FN:385621,isOpen
FNDA:0,isOpen
FN:385783,remove
FNDA:0,remove
FN:386021,create
FNDA:0,create
FN:386456,
FNDA:1,
FN:386699,Metro2.activitySetup
FNDA:1,Metro2.activitySetup
FN:386972,init
FNDA:0,init
FN:387102,_create
FNDA:0,_create
FN:389132,changeAttribute
FNDA:0,changeAttribute
FN:389182,destroy
FNDA:0,destroy
FN:389276,open
FNDA:0,open
FN:390173,close
FNDA:0,close
FN:390300,
FNDA:1,
FN:390652,Metro2.adblockSetup
FNDA:1,Metro2.adblockSetup
FN:390905,bite
FNDA:0,bite
FN:392045,fishing
FNDA:0,fishing
FN:393540,
FNDA:0,
FN:393778,
FNDA:1,
FN:393966,switchIn
FNDA:0,switchIn
FN:394090,switchOut
FNDA:0,switchOut
FN:394151,switch
FNDA:0,switch
FN:394265,slideUpIn
FNDA:0,slideUpIn
FN:394677,slideUpOut
FNDA:0,slideUpOut
FN:395050,slideUp
FNDA:0,slideUp
FN:395177,slideDownIn
FNDA:0,slideDownIn
FN:395592,slideDownOut
FNDA:0,slideDownOut
FN:395966,slideDown
FNDA:0,slideDown
FN:396097,slideLeftIn
FNDA:0,slideLeftIn
FN:396493,slideLeftOut
FNDA:0,slideLeftOut
FN:396868,slideLeft
FNDA:0,slideLeft
FN:397000,slideRightIn
FNDA:0,slideRightIn
FN:397398,slideRightOut
FNDA:0,slideRightOut
FN:397773,slideRight
FNDA:0,slideRight
FN:397901,fadeIn
FNDA:0,fadeIn
FN:398243,fadeOut
FNDA:0,fadeOut
FN:398507,fade
FNDA:0,fade
FN:398623,zoomIn
FNDA:0,zoomIn
FN:399041,zoomOut
FNDA:0,zoomOut
FN:399364,zoom
FNDA:0,zoom
FN:399481,swirlIn
FNDA:0,swirlIn
FN:399938,swirlOut
FNDA:0,swirlOut
FN:400292,swirl
FNDA:0,swirl
FN:400564,
FNDA:1,
FN:401031,Metro2.appBarSetup
FNDA:1,Metro2.appBarSetup
FN:401293,init
FNDA:0,init
FN:401475,_create
FNDA:0,_create
FN:401705,_createStructure
FNDA:0,_createStructure
FN:403175,_createEvents
FNDA:0,_createEvents
FN:404696,close
FNDA:0,close
FN:405228,open
FNDA:0,open
FN:405805,changeAttribute
FNDA:0,changeAttribute
FN:405855,destroy
FNDA:0,destroy
FN:406140,
FNDA:1,
FN:406432,Metro2.audioButtonSetup
FNDA:1,Metro2.audioButtonSetup
FN:406724,init
FNDA:0,init
FN:406963,_create
FNDA:0,_create
FN:407196,_createStructure
FNDA:0,_createStructure
FN:407356,_createEvents
FNDA:0,_createEvents
FN:407874,play
FNDA:0,play
FN:408325,stop
FNDA:0,stop
FN:408664,changeAttribute
FNDA:0,changeAttribute
FN:409442,destroy
FNDA:0,destroy
FN:409594,Metro2.playSound
FNDA:0,Metro2.playSound
FN:410294,
FNDA:1,
FN:411334,Metro2.sliderSetup
FNDA:1,Metro2.sliderSetup
FN:411595,init
FNDA:0,init
FN:411913,_create
FNDA:0,_create
FN:412210,_createSlider
FNDA:0,_createSlider
FN:414630,_createEvents
FNDA:0,_createEvents
FN:417905,_convert
FNDA:0,_convert
FN:418602,_correct
FNDA:0,_correct
FN:419075,_move
FNDA:0,_move
FN:419869,_hint
FNDA:0,_hint
FN:420367,_value
FNDA:0,_value
FN:421591,_marker
FNDA:0,_marker
FN:422753,_redraw
FNDA:0,_redraw
FN:422859,_buffer
FNDA:0,_buffer
FN:423384,val
FNDA:0,val
FN:423825,buff
FNDA:0,buff
FN:424269,changeValue
FNDA:0,changeValue
FN:424556,changeBuffer
FNDA:0,changeBuffer
FN:424820,disable
FNDA:0,disable
FN:424953,enable
FNDA:0,enable
FN:425095,toggleState
FNDA:0,toggleState
FN:425252,changeAttribute
FNDA:0,changeAttribute
FN:425585,destroy
FNDA:0,destroy
FN:426130,
FNDA:1,
FN:428079,Metro2.audioPlayerSetup
FNDA:1,Metro2.audioPlayerSetup
FN:428371,init
FNDA:0,init
FN:428689,_create
FNDA:0,_create
FN:429067,_createPlayer
FNDA:0,_createPlayer
FN:429900,_setSource
FNDA:0,_setSource
FN:430406,_createControls
FNDA:0,_createControls
FN:433371,_createEvents
FNDA:0,_createEvents
FN:435819,_toggleLoop
FNDA:0,_toggleLoop
FN:436135,_toggleMute
FNDA:0,_toggleMute
FN:436506,_setInfo
FNDA:0,_setInfo
FN:436699,_setBuffer
FNDA:0,_setBuffer
FN:436947,_setVolume
FNDA:0,_setVolume
FN:437498,play
FNDA:0,play
FN:437758,pause
FNDA:0,pause
FN:437822,resume
FNDA:0,resume
FN:437922,stop
FNDA:0,stop
FN:438081,setVolume
FNDA:0,setVolume
FN:438334,loop
FNDA:0,loop
FN:438396,mute
FNDA:0,mute
FN:438466,changeSource
FNDA:0,changeSource
FN:438593,changeVolume
FNDA:0,changeVolume
FN:438725,changeAttribute
FNDA:0,changeAttribute
FN:438979,destroy
FNDA:0,destroy
FN:439340,
FNDA:1,
FN:439649,Metro2.bottomSheetSetup
FNDA:1,Metro2.bottomSheetSetup
FN:439941,init
FNDA:0,init
FN:440110,_create
FNDA:0,_create
FN:440345,_createStructure
FNDA:0,_createStructure
FN:440627,_createEvents
FNDA:0,_createEvents
FN:440961,isOpen
FNDA:0,isOpen
FN:441043,open
FNDA:0,open
FN:441362,close
FNDA:0,close
FN:441550,toggle
FNDA:0,toggle
FN:441743,changeAttribute
FNDA:0,changeAttribute
FN:441793,destroy
FNDA:0,destroy
FN:442084,isBottomSheet
FNDA:0,isBottomSheet
FN:442176,open
FNDA:0,open
FN:442345,close
FNDA:0,close
FN:442510,toggle
FNDA:0,toggle
FN:442738,isOpen
FNDA:0,isOpen
FN:442977,
FNDA:1,
FN:443334,Metro2.buttonGroupSetup
FNDA:1,Metro2.buttonGroupSetup
FN:443626,init
FNDA:0,init
FN:443842,_create
FNDA:0,_create
FN:444069,_createGroup
FNDA:0,_createGroup
FN:444779,_createEvents
FNDA:0,_createEvents
FN:445566,changeAttribute
FNDA:0,changeAttribute
FN:445616,destroy
FNDA:0,destroy
FN:445843,
FNDA:1,
FN:446788,Metro2.spinnerSetup
FNDA:1,Metro2.spinnerSetup
FN:447055,init
FNDA:0,init
FN:447227,_create
FNDA:0,_create
FN:447457,_createStructure
FNDA:0,_createStructure
FN:449075,_createEvents
FNDA:0,_createEvents
FN:451756,_setValue
FNDA:0,_setValue
FN:452393,val
FNDA:0,val
FN:452633,toDefault
FNDA:0,toDefault
FN:452892,disable
FNDA:0,disable
FN:453025,enable
FNDA:0,enable
FN:453167,toggleState
FNDA:0,toggleState
FN:453324,changeAttribute
FNDA:0,changeAttribute
FN:453812,destroy
FNDA:0,destroy
FN:454287,
FNDA:0,
FN:454419,
FNDA:1,
FN:456973,Metro2.calendarSetup
FNDA:1,Metro2.calendarSetup
FN:457246,init
FNDA:0,init
FN:458047,_create
FNDA:0,_create
FN:460985,_dates2array
FNDA:0,_dates2array
FN:461564,_createEvents
FNDA:0,_createEvents
FN:471002,_drawHeader
FNDA:0,_drawHeader
FN:471610,_drawFooter
FNDA:0,_drawFooter
FN:472486,_drawTime
FNDA:0,_drawTime
FN:475031,_drawContentDays
FNDA:0,_drawContentDays
FN:479859,_drawContentMonths
FNDA:0,_drawContentMonths
FN:481308,_drawContentYears
FNDA:0,_drawContentYears
FN:482752,_drawContent
FNDA:0,_drawContent
FN:483057,_drawCalendar
FNDA:0,_drawCalendar
FN:483298,_animateContent
FNDA:0,_animateContent
FN:483688,getTime
FNDA:0,getTime
FN:483928,setTime
FNDA:0,setTime
FN:484134,getPreset
FNDA:0,getPreset
FN:484203,getSelected
FNDA:0,getSelected
FN:484274,getExcluded
FNDA:0,getExcluded
FN:484341,getToday
FNDA:0,getToday
FN:484408,getCurrent
FNDA:0,getCurrent
FN:484480,clearSelected
FNDA:0,clearSelected
FN:484572,toDay
FNDA:0,toDay
FN:484997,setExclude
FNDA:0,setExclude
FN:485374,setPreset
FNDA:0,setPreset
FN:485745,setSpecial
FNDA:0,setSpecial
FN:486121,showDate
FNDA:0,showDate
FN:486199,setShow
FNDA:0,setShow
FN:486930,setMinDate
FNDA:0,setMinDate
FN:487343,setMaxDate
FNDA:0,setMaxDate
FN:487691,i18n
FNDA:0,i18n
FN:488019,changeAttrLocale
FNDA:0,changeAttrLocale
FN:488150,changeAttribute
FNDA:0,changeAttribute
FN:488809,destroy
FNDA:0,destroy
FN:489857,
FNDA:0,
FN:490219,
FNDA:1,
FN:491292,Metro2.calendarPickerSetup
FNDA:1,Metro2.calendarPickerSetup
FN:491602,init
FNDA:0,init
FN:492005,_create
FNDA:0,_create
FN:492210,_createStructure
FNDA:0,_createStructure
FN:500340,_createEvents
FNDA:0,_createEvents
FN:503003,_overlay
FNDA:0,_overlay
FN:503450,_removeOverlay
FNDA:0,_removeOverlay
FN:503551,clear
FNDA:0,clear
FN:503709,val
FNDA:0,val
FN:504782,disable
FNDA:0,disable
FN:504915,enable
FNDA:0,enable
FN:505057,toggleState
FNDA:0,toggleState
FN:505203,i18n
FNDA:0,i18n
FN:505819,getTime
FNDA:0,getTime
FN:506067,changeAttribute
FNDA:0,changeAttribute
FN:506930,destroy
FNDA:0,destroy
FN:507552,
FNDA:0,
FN:507706,
FNDA:0,
FN:507861,
FNDA:1,
FN:509433,Metro2.carouselSetup
FNDA:1,Metro2.carouselSetup
FN:509706,init
FNDA:0,init
FN:510087,_create
FNDA:0,_create
FN:511476,_start
FNDA:0,_start
FN:512104,_stop
FNDA:0,_stop
FN:512210,_resize
FNDA:0,_resize
FN:513170,_createSlides
FNDA:0,_createSlides
FN:514250,_createControls
FNDA:0,_createControls
FN:514951,_createBullets
FNDA:0,_createBullets
FN:515950,_createEvents
FNDA:0,_createEvents
FN:518127,_slideToSlide
FNDA:0,_slideToSlide
FN:518856,_slideTo
FNDA:0,_slideTo
FN:519763,_effect
FNDA:0,_effect
FN:521680,toSlide
FNDA:0,toSlide
FN:521754,next
FNDA:0,next
FN:521819,prev
FNDA:0,prev
FN:521884,stop
FNDA:0,stop
FN:521989,play
FNDA:0,play
FN:522084,setEffect
FNDA:0,setEffect
FN:522449,changeAttribute
FNDA:0,changeAttribute
FN:522602,destroy
FNDA:0,destroy
FN:523392,
FNDA:1,
FN:523733,Metro2.charmsSetup
FNDA:1,Metro2.charmsSetup
FN:523994,init
FNDA:0,init
FN:524194,_create
FNDA:0,_create
FN:524422,_createStructure
FNDA:0,_createStructure
FN:524821,_createEvents
FNDA:0,_createEvents
FN:524855,open
FNDA:0,open
FN:524995,close
FNDA:0,close
FN:525140,toggle
FNDA:0,toggle
FN:525373,opacity
FNDA:0,opacity
FN:525826,changeOpacity
FNDA:0,changeOpacity
FN:525961,changeAttribute
FNDA:0,changeAttribute
FN:526138,destroy
FNDA:0,destroy
FN:526234,check
FNDA:0,check
FN:526447,isOpen
FNDA:0,isOpen
FN:526569,open
FNDA:0,open
FN:526699,close
FNDA:0,close
FN:526831,toggle
FNDA:0,toggle
FN:526966,closeAll
FNDA:0,closeAll
FN:527119,opacity
FNDA:0,opacity
FN:527321,
FNDA:1,
FN:528698,Metro2.inputSetup
FNDA:1,Metro2.inputSetup
FN:528953,init
FNDA:0,init
FN:529171,_create
FNDA:0,_create
FN:529399,_createStructure
FNDA:0,_createStructure
FN:534866,_createEvents
FNDA:0,_createEvents
FN:539229,_drawAutocompleteList
FNDA:0,_drawAutocompleteList
FN:540441,getHistory
FNDA:0,getHistory
FN:540515,getHistoryIndex
FNDA:0,getHistoryIndex
FN:540594,setHistoryIndex
FNDA:0,setHistoryIndex
FN:540725,setHistory
FNDA:0,setHistory
FN:541242,clear
FNDA:0,clear
FN:541311,toDefault
FNDA:0,toDefault
FN:541449,disable
FNDA:0,disable
FN:541582,enable
FNDA:0,enable
FN:541724,toggleState
FNDA:0,toggleState
FN:541885,setAutocompleteList
FNDA:0,setAutocompleteList
FN:542203,changeAttribute
FNDA:0,changeAttribute
FN:542374,destroy
FNDA:0,destroy
FN:543134,
FNDA:0,
FN:543259,
FNDA:1,
FN:545864,Metro2.chatSetup
FNDA:1,Metro2.chatSetup
FN:546113,init
FNDA:0,init
FN:546399,_create
FNDA:0,_create
FN:546626,_createStructure
FNDA:0,_createStructure
FN:548328,_createEvents
FNDA:0,_createEvents
FN:549303,add
FNDA:0,add
FN:551235,addMessages
FNDA:0,addMessages
FN:551630,delMessage
FNDA:0,delMessage
FN:551790,updMessage
FNDA:0,updMessage
FN:552291,clear
FNDA:0,clear
FN:552483,toggleReadonly
FNDA:0,toggleReadonly
FN:552764,changeAttribute
FNDA:0,changeAttribute
FN:552943,destroy
FNDA:0,destroy
FN:553400,
FNDA:1,
FN:553786,Metro2.checkboxSetup
FNDA:1,Metro2.checkboxSetup
FN:554059,init
FNDA:0,init
FN:554260,_create
FNDA:0,_create
FN:554413,_createStructure
FNDA:0,_createStructure
FN:555661,_createEvents
FNDA:0,_createEvents
FN:555962,indeterminate
FNDA:0,indeterminate
FN:556176,disable
FNDA:0,disable
FN:556309,enable
FNDA:0,enable
FN:556451,toggleState
FNDA:0,toggleState
FN:556599,toggle
FNDA:0,toggle
FN:557015,changeAttribute
FNDA:0,changeAttribute
FN:557871,destroy
FNDA:0,destroy
FN:558101,
FNDA:1,
FN:558626,Metro2.metroCheckboxThreeStateSetup
FNDA:1,Metro2.metroCheckboxThreeStateSetup
FN:558966,init
FNDA:0,init
FN:559220,_create
FNDA:0,_create
FN:559723,_indeterminate
FNDA:0,_indeterminate
FN:559946,_createStructure
FNDA:0,_createStructure
FN:561252,_drawState
FNDA:0,_drawState
FN:561531,_createEvents
FNDA:0,_createEvents
FN:562031,check
FNDA:0,check
FN:562120,uncheck
FNDA:0,uncheck
FN:562217,indeterminate
FNDA:0,indeterminate
FN:562318,setCheckState
FNDA:0,setCheckState
FN:562711,getCheckState
FNDA:0,getCheckState
FN:563013,disable
FNDA:0,disable
FN:563146,enable
FNDA:0,enable
FN:563283,toggle
FNDA:0,toggle
FN:563446,changeAttribute
FNDA:0,changeAttribute
FN:564402,destroy
FNDA:0,destroy
FN:564614,
FNDA:1,
FN:565032,Metro2.clockSetup
FNDA:1,Metro2.clockSetup
FN:565287,init
FNDA:0,init
FN:565458,_create
FNDA:0,_create
FN:565852,_addLeadingZero
FNDA:0,_addLeadingZero
FN:565968,_second
FNDA:0,_second
FN:566123,_tick
FNDA:0,_tick
FN:568439,changeAttribute
FNDA:0,changeAttribute
FN:568489,destroy
FNDA:0,destroy
FN:568693,
FNDA:1,
FN:568998,Metro2.collapseSetup
FNDA:1,Metro2.collapseSetup
FN:569271,init
FNDA:0,init
FN:569437,_create
FNDA:0,_create
FN:570372,_close
FNDA:0,_close
FN:571015,_open
FNDA:0,_open
FN:571661,collapse
FNDA:0,collapse
FN:571752,expand
FNDA:0,expand
FN:571841,close
FNDA:0,close
FN:571930,open
FNDA:0,open
FN:572025,isCollapsed
FNDA:0,isCollapsed
FN:572113,toggleState
FNDA:0,toggleState
FN:572364,changeAttribute
FNDA:0,changeAttribute
FN:572569,destroy
FNDA:0,destroy
FN:572733,
FNDA:1,
FN:573076,Metro2.radioSetup
FNDA:1,Metro2.radioSetup
FN:573331,init
FNDA:0,init
FN:573529,_create
FNDA:0,_create
FN:573757,_createStructure
FNDA:0,_createStructure
FN:574783,_createEvents
FNDA:0,_createEvents
FN:575078,disable
FNDA:0,disable
FN:575211,enable
FNDA:0,enable
FN:575353,toggleState
FNDA:0,toggleState
FN:575510,changeAttribute
FNDA:0,changeAttribute
FN:576123,destroy
FNDA:0,destroy
FN:576259,
FNDA:1,
FN:577331,Metro2.colorSelectorSetup
FNDA:1,Metro2.colorSelectorSetup
FN:577635,init
FNDA:0,init
FN:578308,_create
FNDA:0,_create
FN:579087,_createStructure
FNDA:0,_createStructure
FN:589927,_createShadeCanvas
FNDA:0,_createShadeCanvas
FN:590874,_createHueCanvas
FNDA:0,_createHueCanvas
FN:591679,_createAlphaCanvas
FNDA:0,_createAlphaCanvas
FN:592269,_updateHueCursor
FNDA:0,_updateHueCursor
FN:592378,_updateAlphaCursor
FNDA:0,_updateAlphaCursor
FN:592483,_getHueColor
FNDA:0,_getHueColor
FN:593131,_getAlphaValue
FNDA:0,_getAlphaValue
FN:593601,_getShadeColor
FNDA:0,_getShadeColor
FN:594654,_updateCursorsColor
FNDA:0,_updateCursorsColor
FN:595100,_updateShadeCursor
FNDA:0,_updateShadeCursor
FN:595224,_colorToPos
FNDA:0,_colorToPos
FN:596306,_setColorValues
FNDA:0,_setColorValues
FN:600090,_clearInputInterval
FNDA:0,_clearInputInterval
FN:600212,_createEvents
FNDA:0,_createEvents
FN:605054,getVal
FNDA:0,getVal
FN:605720,val
FNDA:0,val
FN:605917,user
FNDA:0,user
FN:606442,_fillUserColors
FNDA:0,_fillUserColors
FN:606844,changeAttribute
FNDA:0,changeAttribute
FN:607143,destroy
FNDA:0,destroy
FN:607341,
FNDA:1,
FN:607841,Metro2.colorPickerSetup
FNDA:1,Metro2.colorPickerSetup
FN:608133,init
FNDA:0,init
FN:608593,_create
FNDA:0,_create
FN:609112,_createStructure
FNDA:0,_createStructure
FN:612428,_clearInputInterval
FNDA:0,_clearInputInterval
FN:612546,_setColor
FNDA:0,_setColor
FN:612886,_createEvents
FNDA:0,_createEvents
FN:613625,val
FNDA:0,val
FN:613992,destroy
FNDA:0,destroy
FN:614093,
FNDA:0,
FN:614223,
FNDA:1,
FN:614448,Metro2.cookieSetup
FNDA:1,Metro2.cookieSetup
FN:614704,getCookies
FNDA:0,getCookies
FN:614937,getCookie
FNDA:0,getCookie
FN:615495,setCookie
FNDA:0,setCookie
FN:616402,delCookie
FNDA:0,delCookie
FN:616591,
FNDA:1,
FN:617297,init
FNDA:0,init
FN:617907,create
FNDA:0,create
FN:619746,
FNDA:1,
FN:620474,Metro2.countdownSetup
FNDA:1,Metro2.countdownSetup
FN:620753,init
FNDA:0,init
FN:621469,_create
FNDA:0,_create
FN:621792,_setBreakpoint
FNDA:0,_setBreakpoint
FN:622506,_build
FNDA:0,_build
FN:624447,_createEvents
FNDA:0,_createEvents
FN:624710,blink
FNDA:0,blink
FN:624896,tick
FNDA:0,tick
FN:627504,draw
FNDA:0,draw
FN:631186,start
FNDA:0,start
FN:631712,stop
FNDA:0,stop
FN:632050,pause
FNDA:0,pause
FN:632214,resume
FNDA:0,resume
FN:632506,reset
FNDA:0,reset
FN:633227,resetWith
FNDA:0,resetWith
FN:633781,togglePlay
FNDA:0,togglePlay
FN:633950,isPaused
FNDA:0,isPaused
FN:634037,getBreakpoint
FNDA:0,getBreakpoint
FN:634158,getLeft
FNDA:0,getLeft
FN:634616,i18n
FNDA:0,i18n
FN:635213,changeAttrLocale
FNDA:0,changeAttrLocale
FN:635373,changeAttribute
FNDA:0,changeAttribute
FN:635742,destroy
FNDA:0,destroy
FN:636012,
FNDA:1,
FN:636450,Metro2.counterSetup
FNDA:1,Metro2.counterSetup
FN:636717,init
FNDA:0,init
FN:636982,_create
FNDA:0,_create
FN:637098,_createEvents
FNDA:0,_createEvents
FN:637428,start
FNDA:0,start
FN:638380,reset
FNDA:0,reset
FN:638493,changeAttribute
FNDA:0,changeAttribute
FN:638713,destroy
FNDA:0,destroy
FN:638831,
FNDA:1,
FN:639682,Metro2.cubeSetup
FNDA:1,Metro2.cubeSetup
FN:641171,init
FNDA:0,init
FN:641480,_create
FNDA:0,_create
FN:641859,_parseRules
FNDA:0,_parseRules
FN:642342,_createCube
FNDA:0,_createCube
FN:644471,_run
FNDA:0,_run
FN:645114,_createCssForCellSize
FNDA:0,_createCssForCellSize
FN:645716,_createCssForFlashColor
FNDA:0,_createCssForFlashColor
FN:646764,_createEvents
FNDA:0,_createEvents
FN:647469,_start
FNDA:0,_start
FN:647744,_stop
FNDA:0,_stop
FN:647935,_tick
FNDA:0,_tick
FN:648375,_toggle
FNDA:0,_toggle
FN:648819,start
FNDA:0,start
FN:648876,stop
FNDA:0,stop
FN:648934,toRule
FNDA:0,toRule
FN:649631,_execRule
FNDA:0,_execRule
FN:650669,rule
FNDA:0,rule
FN:650979,axis
FNDA:0,axis
FN:651120,changeRules
FNDA:0,changeRules
FN:651475,changeAxisVisibility
FNDA:0,changeAxisVisibility
FN:651725,changeAxisStyle
FNDA:0,changeAxisStyle
FN:651944,changeAttribute
FNDA:0,changeAttribute
FN:652299,destroy
FNDA:0,destroy
FN:652732,
FNDA:1,
FN:653703,Metro2.datePickerSetup
FNDA:1,Metro2.datePickerSetup
FN:653989,init
FNDA:0,init
FN:654342,_create
FNDA:0,_create
FN:655323,_createStructure
FNDA:0,_createStructure
FN:659256,_createEvents
FNDA:0,_createEvents
FN:662082,_correct
FNDA:0,_correct
FN:662237,_set
FNDA:0,_set
FN:662923,open
FNDA:0,open
FN:664872,close
FNDA:0,close
FN:665115,val
FNDA:0,val
FN:665391,date
FNDA:0,date
FN:665662,i18n
FNDA:0,i18n
FN:666498,disable
FNDA:0,disable
FN:666631,enable
FNDA:0,enable
FN:666773,toggleState
FNDA:0,toggleState
FN:666930,changeAttribute
FNDA:0,changeAttribute
FN:667373,destroy
FNDA:0,destroy
FN:667862,
FNDA:0,
FN:668117,
FNDA:1,
FN:668552,onDrawValue
FNDA:0,onDrawValue
FN:668657,Metro2.donutSetup
FNDA:1,Metro2.donutSetup
FN:668912,init
FNDA:0,init
FN:669114,_create
FNDA:0,_create
FN:669440,_setElementSize
FNDA:0,_setElementSize
FN:669715,_draw
FNDA:0,_draw
FN:670875,_addEvents
FNDA:0,_addEvents
FN:671086,_setValue
FNDA:0,_setValue
FN:672052,val
FNDA:0,val
FN:672405,setColor
FNDA:0,setColor
FN:672764,changeValue
FNDA:0,changeValue
FN:672860,changeAttribute
FNDA:0,changeAttribute
FN:673402,destroy
FNDA:0,destroy
FN:673544,
FNDA:1,
FN:674158,Metro2.doubleSelectBoxSetup
FNDA:1,Metro2.doubleSelectBoxSetup
FN:674475,init
FNDA:0,init
FN:674759,_create
FNDA:0,_create
FN:675134,_drawList
FNDA:0,_drawList
FN:675987,_createStructure
FNDA:0,_createStructure
FN:677536,_moveItems
FNDA:0,_moveItems
FN:677815,_move
FNDA:0,_move
FN:678414,_createEvents
FNDA:0,_createEvents
FN:679775,changeAttribute
FNDA:0,changeAttribute
FN:679826,destroy
FNDA:0,destroy
FN:679962,
FNDA:1,
FN:681038,Metro2.doubleSliderSetup
FNDA:1,Metro2.doubleSliderSetup
FN:681336,init
FNDA:0,init
FN:681629,_create
FNDA:0,_create
FN:682073,_createSlider
FNDA:0,_createSlider
FN:684634,_createEvents
FNDA:0,_createEvents
FN:686315,_convert
FNDA:0,_convert
FN:686965,_correct
FNDA:0,_correct
FN:687542,_move
FNDA:0,_move
FN:688438,_hint
FNDA:0,_hint
FN:688909,_value
FNDA:0,_value
FN:689900,_marker
FNDA:0,_marker
FN:691220,_redraw
FNDA:0,_redraw
FN:691322,val
FNDA:0,val
FN:691796,changeValue
FNDA:0,changeValue
FN:692014,disable
FNDA:0,disable
FN:692176,enable
FNDA:0,enable
FN:692347,toggleState
FNDA:0,toggleState
FN:692504,changeAttribute
FNDA:0,changeAttribute
FN:692843,destroy
FNDA:0,destroy
FN:693384,
FNDA:1,
FN:693997,Metro2.dragItemsSetup
FNDA:1,Metro2.dragItemsSetup
FN:694277,init
FNDA:0,init
FN:694490,_create
FNDA:0,_create
FN:694723,_createStructure
FNDA:0,_createStructure
FN:695102,_createEvents
FNDA:0,_createEvents
FN:699115,on
FNDA:0,on
FN:699232,off
FNDA:0,off
FN:699353,toggle
FNDA:0,toggle
FN:699460,changeAttribute
FNDA:0,changeAttribute
FN:699828,destroy
FNDA:0,destroy
FN:700097,
FNDA:1,
FN:700561,Metro2.draggableSetup
FNDA:1,Metro2.draggableSetup
FN:700840,init
FNDA:0,init
FN:701216,_create
FNDA:0,_create
FN:701415,_createStructure
FNDA:0,_createStructure
FN:702426,_createEvents
FNDA:0,_createEvents
FN:704895,off
FNDA:0,off
FN:704972,on
FNDA:0,on
FN:705098,changeAttribute
FNDA:0,changeAttribute
FN:705158,destroy
FNDA:0,destroy
FN:705369,
FNDA:1,
FN:705763,Metro2.dropdownSetup
FNDA:1,Metro2.dropdownSetup
FN:706036,init
FNDA:0,init
FN:706259,_create
FNDA:0,_create
FN:706674,_createStructure
FNDA:0,_createStructure
FN:707181,_createEvents
FNDA:0,_createEvents
FN:709099,_close
FNDA:0,_close
FN:709946,_open
FNDA:0,_open
FN:710759,close
FNDA:0,close
FN:710848,open
FNDA:0,open
FN:710938,toggle
FNDA:0,toggle
FN:711105,changeAttribute
FNDA:0,changeAttribute
FN:711142,destroy
FNDA:0,destroy
FN:711259,
FNDA:0,
FN:711636,
FNDA:1,
FN:711738,init
FNDA:1,init
FN:711903,setup
FNDA:0,setup
FN:712028,base64
FNDA:0,base64
FN:712137,b64toBlob
FNDA:0,b64toBlob
FN:712923,tableToCSV
FNDA:0,tableToCSV
FN:714099,createDownload
FNDA:0,createDownload
FN:714660,arrayToCsv
FNDA:0,arrayToCsv
FN:715517,
FNDA:1,
FN:716105,Metro2.fileSetup
FNDA:1,Metro2.fileSetup
FN:716354,init
FNDA:0,init
FN:716480,_create
FNDA:0,_create
FN:716707,_createStructure
FNDA:0,_createStructure
FN:718983,_createEvents
FNDA:0,_createEvents
FN:720996,clear
FNDA:0,clear
FN:721349,disable
FNDA:0,disable
FN:721482,enable
FNDA:0,enable
FN:721624,toggleState
FNDA:0,toggleState
FN:721775,toggleDir
FNDA:0,toggleDir
FN:721998,changeAttribute
FNDA:0,changeAttribute
FN:722240,destroy
FNDA:0,destroy
FN:722542,
FNDA:1,
FN:722922,Metro2.gradientBoxSetup
FNDA:1,Metro2.gradientBoxSetup
FN:723214,init
FNDA:0,init
FN:723571,_create
FNDA:0,_create
FN:724726,_createStructure
FNDA:0,_createStructure
FN:724815,_setGradient
FNDA:0,_setGradient
FN:725402,changeAttribute
FNDA:0,changeAttribute
FN:726314,destroy
FNDA:0,destroy
FN:726428,
FNDA:1,
FN:726482,Metro2.md5
FNDA:0,Metro2.md5
FN:734984,
FNDA:1,
FN:735210,Metro2.gravatarSetup
FNDA:1,Metro2.gravatarSetup
FN:735483,init
FNDA:0,init
FN:735613,_create
FNDA:0,_create
FN:735793,getImage
FNDA:0,getImage
FN:736028,getImageSrc
FNDA:0,getImageSrc
FN:736364,get
FNDA:0,get
FN:736693,resize
FNDA:0,resize
FN:736849,email
FNDA:0,email
FN:737020,changeAttribute
FNDA:0,changeAttribute
FN:737261,destroy
FNDA:0,destroy
FN:737377,
FNDA:1,
FN:737747,Metro2.hintSetup
FNDA:1,Metro2.hintSetup
FN:737996,init
FNDA:0,init
FN:738275,_create
FNDA:0,_create
FN:738433,_createEvents
FNDA:0,_createEvents
FN:739222,createHint
FNDA:0,createHint
FN:739912,setPosition
FNDA:0,setPosition
FN:741414,removeHint
FNDA:0,removeHint
FN:741905,changeText
FNDA:0,changeText
FN:742019,changeAttribute
FNDA:0,changeAttribute
FN:742158,destroy
FNDA:0,destroy
FN:742475,
FNDA:1,
FN:744694,getKey
FNDA:0,getKey
FN:745116,getModifier
FNDA:0,getModifier
FN:745383,bindKey
FNDA:0,bindKey
FN:746139,
FNDA:0,
FN:747151,
FNDA:1,
FN:747635,Metro2.htmlContainerSetup
FNDA:1,Metro2.htmlContainerSetup
FN:747939,init
FNDA:0,init
FN:748153,_create
FNDA:0,_create
FN:748950,_load
FNDA:0,_load
FN:750220,load
FNDA:0,load
FN:750526,changeAttribute
FNDA:0,changeAttribute
FN:751613,destroy
FNDA:0,destroy
FN:751710,
FNDA:1,
FN:751996,Metro2.imageBoxSetup
FNDA:1,Metro2.imageBoxSetup
FN:752270,init
FNDA:0,init
FN:752452,_create
FNDA:0,_create
FN:752576,_createStructure
FNDA:0,_createStructure
FN:752720,_drawImage
FNDA:0,_drawImage
FN:753537,changeAttribute
FNDA:0,changeAttribute
FN:753821,destroy
FNDA:0,destroy
FN:753955,
FNDA:1,
FN:754249,Metro2.imageCompareSetup
FNDA:1,Metro2.imageCompareSetup
FN:754547,init
FNDA:0,init
FN:754741,_create
FNDA:0,_create
FN:754977,_createStructure
FNDA:0,_createStructure
FN:756877,_createEvents
FNDA:0,_createEvents
FN:759330,changeAttribute
FNDA:0,changeAttribute
FN:759380,destroy
FNDA:0,destroy
FN:759647,
FNDA:1,
FN:760066,Metro2.imageGridSetup
FNDA:1,Metro2.imageGridSetup
FN:760346,init
FNDA:0,init
FN:760549,_create
FNDA:0,_create
FN:760755,_createStructure
FNDA:0,_createStructure
FN:760948,_createEvents
FNDA:0,_createEvents
FN:761206,_createItems
FNDA:0,_createItems
FN:762484,changeAttribute
FNDA:0,changeAttribute
FN:762944,destroy
FNDA:0,destroy
FN:763084,
FNDA:1,
FN:763631,Metro2.imageMagnifierSetup
FNDA:1,Metro2.imageMagnifierSetup
FN:763941,init
FNDA:0,init
FN:764168,_create
FNDA:0,_create
FN:764406,_createStructure
FNDA:0,_createStructure
FN:767679,_createEvents
FNDA:0,_createEvents
FN:771182,changeAttribute
FNDA:0,changeAttribute
FN:771232,destroy
FNDA:0,destroy
FN:771492,
FNDA:1,
FN:771844,Metro2.imagePlaceholderSetup
FNDA:1,Metro2.imagePlaceholderSetup
FN:772166,init
FNDA:0,init
FN:772396,_create
FNDA:0,_create
FN:772558,_createStructure
FNDA:0,_createStructure
FN:772856,_createEvents
FNDA:0,_createEvents
FN:772904,_createPlaceholder
FNDA:0,_createPlaceholder
FN:773737,destroy
FNDA:0,destroy
FN:773863,
FNDA:1,
FN:774418,Metro2.infoBoxSetup
FNDA:1,Metro2.infoBoxSetup
FN:774686,init
FNDA:0,init
FN:774895,_create
FNDA:0,_create
FN:775118,_overlay
FNDA:0,_overlay
FN:775569,_createStructure
FNDA:0,_createStructure
FN:776511,_createEvents
FNDA:0,_createEvents
FN:776929,_setPosition
FNDA:0,_setPosition
FN:777173,reposition
FNDA:0,reposition
FN:777242,setContent
FNDA:0,setContent
FN:777491,setType
FNDA:0,setType
FN:777635,open
FNDA:0,open
FN:778334,close
FNDA:0,close
FN:778783,isOpen
FNDA:0,isOpen
FN:778916,changeAttribute
FNDA:0,changeAttribute
FN:778966,destroy
FNDA:0,destroy
FN:779192,isInfoBox
FNDA:0,isInfoBox
FN:779279,open
FNDA:0,open
FN:779589,close
FNDA:0,close
FN:779770,setContent
FNDA:0,setContent
FN:780038,setType
FNDA:0,setType
FN:780246,isOpen
FNDA:0,isOpen
FN:780431,create
FNDA:0,create
FN:781104,
FNDA:1,
FN:781437,Metro2.inputMaskSetup
FNDA:1,Metro2.inputMaskSetup
FN:781717,init
FNDA:0,init
FN:782341,_create
FNDA:0,_create
FN:782496,_createStructure
FNDA:0,_createStructure
FN:783123,_createEvents
FNDA:0,_createEvents
FN:786588,_showValue
FNDA:0,_showValue
FN:787121,destroy
FNDA:0,destroy
FN:787522,
FNDA:1,
FN:787943,Metro2.materialInputSetup
FNDA:1,Metro2.materialInputSetup
FN:788247,init
FNDA:0,init
FN:788445,_create
FNDA:0,_create
FN:788673,_createStructure
FNDA:0,_createStructure
FN:789973,_createEvents
FNDA:0,_createEvents
FN:790008,clear
FNDA:0,clear
FN:790075,disable
FNDA:0,disable
FN:790208,enable
FNDA:0,enable
FN:790350,toggleState
FNDA:0,toggleState
FN:790507,changeAttribute
FNDA:0,changeAttribute
FN:790641,destroy
FNDA:0,destroy
FN:790763,
FNDA:1,
FN:791308,Metro2.keylockSetup
FNDA:1,Metro2.keylockSetup
FN:791575,init
FNDA:0,init
FN:791704,_create
FNDA:0,_create
FN:793281,disable
FNDA:0,disable
FN:793414,enable
FNDA:0,enable
FN:793556,toggleState
FNDA:0,toggleState
FN:793704,toggle
FNDA:0,toggle
FN:793988,changeAttribute
FNDA:0,changeAttribute
FN:794159,destroy
FNDA:0,destroy
FN:794279,
FNDA:1,
FN:795301,Metro2.keypadSetup
FNDA:1,Metro2.keypadSetup
FN:795562,init
FNDA:0,init
FN:795986,_create
FNDA:0,_create
FN:796480,_createKeypad
FNDA:0,_createKeypad
FN:798521,_setKeysPosition
FNDA:0,_setKeysPosition
FN:798771,_createKeys
FNDA:0,_createKeys
FN:800348,_createEvents
FNDA:0,_createEvents
FN:803031,shuffle
FNDA:0,shuffle
FN:803341,shuffleKeys
FNDA:0,shuffleKeys
FN:803612,val
FNDA:0,val
FN:804032,open
FNDA:0,open
FN:804216,close
FNDA:0,close
FN:804405,disable
FNDA:0,disable
FN:804538,enable
FNDA:0,enable
FN:804680,toggleState
FNDA:0,toggleState
FN:804833,setPosition
FNDA:0,setPosition
FN:805133,changeAttribute
FNDA:0,changeAttribute
FN:805387,destroy
FNDA:0,destroy
FN:805702,
FNDA:0,
FN:805973,
FNDA:1,
FN:806521,Metro2.lightboxSetup
FNDA:1,Metro2.lightboxSetup
FN:806794,init
FNDA:0,init
FN:807072,_create
FNDA:0,_create
FN:807318,_createStructure
FNDA:0,_createStructure
FN:808219,_createEvents
FNDA:0,_createEvents
FN:808801,_setupItems
FNDA:0,_setupItems
FN:809026,_goto
FNDA:0,_goto
FN:810365,_index
FNDA:0,_index
FN:810563,next
FNDA:0,next
FN:810887,prev
FNDA:0,prev
FN:811209,open
FNDA:0,open
FN:811378,close
FNDA:0,close
FN:811482,changeAttribute
FNDA:0,changeAttribute
FN:811519,destroy
FNDA:0,destroy
FN:811637,
FNDA:1,
FN:813610,Metro2.listSetup
FNDA:1,Metro2.listSetup
FN:813859,init
FNDA:0,init
FN:814507,_create
FNDA:0,_create
FN:815164,_build
FNDA:0,_build
FN:815468,_createItemsFromHTML
FNDA:0,_createItemsFromHTML
FN:816214,_createItemsFromJSON
FNDA:0,_createItemsFromJSON
FN:817786,_createTopBlock
FNDA:0,_createTopBlock
FN:819490,_createBottomBlock
FNDA:0,_createBottomBlock
FN:820129,_createStructure
FNDA:0,_createStructure
FN:822365,_createEvents
FNDA:0,_createEvents
FN:824274,_info
FNDA:0,_info
FN:824955,_paging
FNDA:0,_paging
FN:825609,_filter
FNDA:0,_filter
FN:827162,_draw
FNDA:0,_draw
FN:828031,_getItemContent
FNDA:0,_getItemContent
FN:829853,deleteItem
FNDA:0,deleteItem
FN:830432,draw
FNDA:0,draw
FN:830498,sorting
FNDA:0,sorting
FN:831568,filter
FNDA:0,filter
FN:831714,setData
FNDA:0,setData
FN:832748,loadData
FNDA:0,loadData
FN:833408,next
FNDA:0,next
FN:833661,prev
FNDA:0,prev
FN:833889,first
FNDA:0,first
FN:834020,last
FNDA:0,last
FN:834165,page
FNDA:0,page
FN:834394,addFilter
FNDA:0,addFilter
FN:834710,removeFilter
FNDA:0,removeFilter
FN:834932,removeFilters
FNDA:0,removeFilters
FN:835101,getFilters
FNDA:0,getFilters
FN:835174,getFilterIndex
FNDA:0,getFilterIndex
FN:835254,getFiltersIndexes
FNDA:0,getFiltersIndexes
FN:835335,changeAttribute
FNDA:0,changeAttribute
FN:836538,destroy
FNDA:0,destroy
FN:837322,
FNDA:1,
FN:837943,Metro2.listViewSetup
FNDA:1,Metro2.listViewSetup
FN:838216,init
FNDA:0,init
FN:838346,_create
FNDA:0,_create
FN:838567,_createIcon
FNDA:0,_createIcon
FN:838821,_createCaption
FNDA:0,_createCaption
FN:838930,_createContent
FNDA:0,_createContent
FN:839038,_createToggle
FNDA:0,_createToggle
FN:839132,_createNode
FNDA:0,_createNode
FN:840658,_createView
FNDA:0,_createView
FN:842492,_createEvents
FNDA:0,_createEvents
FN:844114,view
FNDA:0,view
FN:844561,toggleNode
FNDA:0,toggleNode
FN:844988,toggleSelectable
FNDA:0,toggleSelectable
FN:845234,add
FNDA:0,add
FN:846306,addGroup
FNDA:0,addGroup
FN:846863,insertBefore
FNDA:0,insertBefore
FN:847380,insertAfter
FNDA:0,insertAfter
FN:847888,del
FNDA:0,del
FN:848461,clean
FNDA:0,clean
FN:848778,getSelected
FNDA:0,getSelected
FN:849053,clearSelected
FNDA:0,clearSelected
FN:849194,selectAll
FNDA:0,selectAll
FN:849371,selectByAttribute
FNDA:0,selectByAttribute
FN:849687,changeAttribute
FNDA:0,changeAttribute
FN:850319,destroy
FNDA:0,destroy
FN:850742,
FNDA:1,
FN:851424,Metro2.marqueeSetup
FNDA:1,Metro2.marqueeSetup
FN:851691,init
FNDA:0,init
FN:851941,_create
FNDA:0,_create
FN:852093,_createStructure
FNDA:0,_createStructure
FN:852883,setItems
FNDA:0,setItems
FN:853978,setItem
FNDA:0,setItem
FN:854485,addItem
FNDA:0,addItem
FN:854960,_createEvents
FNDA:0,_createEvents
FN:855328,start
FNDA:0,start
FN:858660,stop
FNDA:0,stop
FN:858788,changeAttribute
FNDA:0,changeAttribute
FN:858825,destroy
FNDA:0,destroy
FN:858947,
FNDA:1,
FN:859828,Metro2.masterSetup
FNDA:1,Metro2.masterSetup
FN:860089,init
FNDA:0,init
FN:860346,_create
FNDA:0,_create
FN:860774,_createControls
FNDA:0,_createControls
FN:861642,_enableControl
FNDA:0,_enableControl
FN:861897,_setTitle
FNDA:0,_setTitle
FN:862191,_createPages
FNDA:0,_createPages
FN:863593,_createEvents
FNDA:0,_createEvents
FN:864722,_slideToPage
FNDA:0,_slideToPage
FN:865156,_slideTo
FNDA:0,_slideTo
FN:865804,_effect
FNDA:0,_effect
FN:868392,toPage
FNDA:0,toPage
FN:868465,next
FNDA:0,next
FN:868530,prev
FNDA:0,prev
FN:868603,changeEffect
FNDA:0,changeEffect
FN:868713,changeEffectFunc
FNDA:0,changeEffectFunc
FN:868836,changeEffectDuration
FNDA:0,changeEffectDuration
FN:868949,changeAttribute
FNDA:0,changeAttribute
FN:869307,destroy
FNDA:0,destroy
FN:869649,
FNDA:1,
FN:870172,Metro2.navViewSetup
FNDA:1,Metro2.navViewSetup
FN:870454,init
FNDA:0,init
FN:870781,_create
FNDA:0,_create
FN:870932,_calcMenuHeight
FNDA:0,_calcMenuHeight
FN:871804,_recalc
FNDA:0,_recalc
FN:871983,_createStructure
FNDA:0,_createStructure
FN:872978,_createEvents
FNDA:0,_createEvents
FN:875240,_togglePaneMode
FNDA:0,_togglePaneMode
FN:875688,_pullClick
FNDA:0,_pullClick
FN:876057,toggle
FNDA:0,toggle
FN:876126,compact
FNDA:0,compact
FN:876380,changeAttribute
FNDA:0,changeAttribute
FN:876430,destroy
FNDA:0,destroy
FN:876948,
FNDA:1,
FN:877392,Metro2.notifySetup
FNDA:1,Metro2.notifySetup
FN:877702,setup
FNDA:1,setup
FN:877833,reset
FNDA:0,reset
FN:878153,_createContainer
FNDA:0,_createContainer
FN:878320,create
FNDA:0,create
FN:880881,kill
FNDA:0,kill
FN:881213,killAll
FNDA:0,killAll
FN:881495,
FNDA:1,
FN:881560,Metro2.pagination
FNDA:0,Metro2.pagination
FN:885033,
FNDA:1,
FN:885801,Metro2.panelSetup
FNDA:1,Metro2.panelSetup
FN:886056,init
FNDA:0,init
FN:886193,_addCustomButtons
FNDA:0,_addCustomButtons
[...]
DA:36960,0
DA:36961,0
DA:36962,0
DA:36963,0
DA:36964,0
DA:36965,0
DA:36966,0
DA:36967,0
DA:36968,0
DA:36969,0
DA:36970,0
DA:36971,0
DA:36972,0
DA:36973,0
DA:36974,0
DA:36975,0
DA:36976,0
DA:36977,0
DA:36978,0
DA:36979,0
DA:36980,0
DA:36981,0
DA:36982,0
DA:36983,0
DA:36984,0
DA:36985,0
DA:36986,0
DA:36987,0
DA:36988,0
DA:36989,0
DA:36990,0
DA:36991,0
DA:36992,0
DA:36993,0
DA:36994,0
DA:36995,0
DA:36996,0
DA:36997,0
DA:36998,0
DA:36999,0
DA:37000,0
DA:37001,0
DA:37002,0
DA:37003,0
DA:37004,0
DA:37005,0
DA:37006,0
DA:37007,0
DA:37008,0
DA:37009,0
DA:37010,0
DA:37011,0
DA:37012,0
DA:37013,0
DA:37014,0
DA:37015,0
DA:37016,0
DA:37017,0
DA:37018,0
DA:37019,0
DA:37020,0
DA:37021,0
DA:37022,0
DA:37023,0
DA:37024,0
DA:37025,0
DA:37026,0
DA:37027,0
DA:37028,0
DA:37029,0
DA:37030,0
DA:37031,0
DA:37032,0
DA:37033,0
DA:37034,0
DA:37035,0
DA:37036,0
DA:37037,0
DA:37038,0
DA:37039,0
DA:37040,0
DA:37041,0
DA:37042,0
DA:37043,0
DA:37044,0
DA:37045,0
DA:37046,0
DA:37047,0
DA:37048,0
DA:37049,0
DA:37050,0
DA:37051,0
DA:37052,0
DA:37053,0
DA:37054,0
DA:37055,0
DA:37056,0
DA:37057,0
DA:37058,0
DA:37059,0
DA:37060,0
DA:37061,0
DA:37062,0
DA:37063,0
DA:37064,0
DA:37065,0
DA:37066,0
DA:37067,0
DA:37068,0
DA:37069,0
DA:37070,0
DA:37071,0
DA:37072,0
DA:37073,0
DA:37074,0
DA:37075,0
DA:37076,0
DA:37077,0
DA:37078,0
DA:37079,0
DA:37080,0
DA:37081,0
DA:37082,0
DA:37083,0
DA:37084,0
DA:37085,0
DA:37086,0
DA:37087,0
DA:37088,0
DA:37089,0
DA:37090,0
DA:37091,0
DA:37092,0
DA:37093,0
DA:37094,0
DA:37095,0
DA:37096,0
DA:37097,0
DA:37098,0
DA:37099,0
DA:37100,0
DA:37101,0
DA:37102,0
DA:37103,0
DA:37104,0
DA:37105,0
DA:37106,0
DA:37107,0
DA:37108,0
DA:37109,0
DA:37110,0
DA:37111,0
DA:37112,0
DA:37113,0
DA:37114,0
DA:37115,0
DA:37116,0
DA:37117,0
DA:37118,0
DA:37119,0
DA:37120,0
DA:37121,0
DA:37122,0
DA:37123,0
DA:37124,0
DA:37125,0
DA:37126,0
DA:37127,0
DA:37128,0
DA:37129,0
DA:37130,0
DA:37131,0
DA:37132,0
DA:37133,0
DA:37134,0
DA:37135,0
DA:37136,0
DA:37137,0
DA:37138,0
DA:37139,0
DA:37140,0
DA:37141,0
DA:37142,0
DA:37143,0
DA:37144,0
DA:37145,0
DA:37146,0
DA:37147,0
DA:37148,0
DA:37149,0
DA:37150,0
DA:37151,0
DA:37152,0
DA:37153,0
DA:37154,0
DA:37155,0
DA:37156,0
DA:37157,0
DA:37158,0
DA:37159,0
DA:37160,0
DA:37161,0
DA:37162,0
DA:37163,0
DA:37164,0
DA:37165,0
DA:37166,0
DA:37167,0
DA:37168,0
DA:37169,0
DA:37170,0
DA:37171,0
DA:37172,0
DA:37173,0
DA:37174,0
DA:37175,0
DA:37176,0
DA:37177,0
DA:37178,0
DA:37179,0
DA:37180,0
DA:37181,0
DA:37182,0
DA:37183,0
DA:37184,0
DA:37185,0
DA:37186,0
DA:37187,0
DA:37188,0
DA:37189,0
DA:37190,0
DA:37191,0
DA:37192,0
DA:37193,0
DA:37194,0
DA:37195,0
DA:37196,0
DA:37197,0
DA:37198,1
DA:37199,1
DA:37200,1
DA:37201,1
DA:37202,1
DA:37203,1
DA:37204,1
DA:37205,1
DA:37206,1
DA:37207,1
DA:37208,1
DA:37209,1
DA:37210,1
DA:37211,1
DA:37212,1
DA:37213,1
DA:37214,1
DA:37215,1
DA:37216,1
DA:37217,1
DA:37218,0
DA:37219,0
DA:37220,0
DA:37221,0
DA:37222,0
DA:37223,0
DA:37224,0
DA:37225,0
DA:37226,0
DA:37227,0
DA:37228,0
DA:37229,0
DA:37230,0
DA:37231,0
DA:37232,0
DA:37233,0
DA:37234,0
DA:37235,0
DA:37236,0
DA:37237,0
DA:37238,0
DA:37239,0
DA:37240,0
DA:37241,0
DA:37242,0
DA:37243,0
DA:37244,0
DA:37245,0
DA:37246,0
DA:37247,0
DA:37248,0
DA:37249,0
DA:37250,0
DA:37251,0
DA:37252,0
DA:37253,0
DA:37254,0
DA:37255,1
DA:37256,1
DA:37257,1
DA:37258,1
DA:37259,1
DA:37260,1
DA:37261,1
DA:37262,1
DA:37263,1
DA:37264,1
DA:37265,1
DA:37266,1
DA:37267,1
DA:37268,1
DA:37269,1
DA:37270,1
DA:37271,1
DA:37272,1
DA:37273,1
DA:37274,1
DA:37275,1
DA:37276,1
DA:37277,1
DA:37278,1
DA:37279,1
DA:37280,1
DA:37281,1
DA:37282,1
DA:37283,1
DA:37284,1
DA:37285,1
DA:37286,1
DA:37287,1
DA:37288,1
DA:37289,1
DA:37290,1
DA:37291,1
DA:37292,1
DA:37293,1
DA:37294,1
DA:37295,1
DA:37296,1
DA:37297,1
DA:37298,1
DA:37299,1
DA:37300,1
DA:37301,1
DA:37302,1
DA:37303,1
DA:37304,1
DA:37305,1
DA:37306,1
DA:37307,1
DA:37308,1
DA:37309,1
DA:37310,1
DA:37311,1
DA:37312,1
DA:37313,1
DA:37314,1
DA:37315,1
DA:37316,1
DA:37317,1
DA:37318,1
DA:37319,1
DA:37320,1
DA:37321,0
DA:37322,0
DA:37323,0
DA:37324,0
DA:37325,0
DA:37326,0
DA:37327,0
DA:37328,0
DA:37329,0
DA:37330,0
DA:37331,0
DA:37332,0
DA:37333,0
DA:37334,0
DA:37335,0
DA:37336,0
DA:37337,0
DA:37338,0
DA:37339,0
DA:37340,0
DA:37341,0
DA:37342,0
DA:37343,0
DA:37344,0
DA:37345,0
DA:37346,0
DA:37347,0
DA:37348,0
DA:37349,0
DA:37350,0
DA:37351,0
DA:37352,0
DA:37353,0
DA:37354,0
DA:37355,0
DA:37356,0
DA:37357,0
DA:37358,0
DA:37359,0
DA:37360,0
DA:37361,0
DA:37362,0
DA:37363,0
DA:37364,0
DA:37365,0
DA:37366,0
DA:37367,0
DA:37368,0
DA:37369,0
DA:37370,0
DA:37371,0
DA:37372,0
DA:37373,0
DA:37374,0
DA:37375,0
DA:37376,0
DA:37377,0
DA:37378,0
DA:37379,0
DA:37380,0
DA:37381,0
DA:37382,0
DA:37383,0
DA:37384,0
DA:37385,0
DA:37386,0
DA:37387,0
DA:37388,0
DA:37389,0
DA:37390,0
DA:37391,0
DA:37392,0
DA:37393,0
DA:37394,0
DA:37395,0
DA:37396,0
DA:37397,0
DA:37398,0
DA:37399,0
DA:37400,0
DA:37401,0
DA:37402,0
DA:37403,0
DA:37404,0
DA:37405,0
DA:37406,0
DA:37407,0
DA:37408,0
DA:37409,0
DA:37410,0
DA:37411,0
DA:37412,0
DA:37413,0
DA:37414,0
DA:37415,0
DA:37416,0
DA:37417,0
DA:37418,0
DA:37419,0
DA:37420,0
DA:37421,0
DA:37422,0
DA:37423,0
DA:37424,0
DA:37425,0
DA:37426,0
DA:37427,0
DA:37428,0
DA:37429,0
DA:37430,0
DA:37431,0
DA:37432,0
DA:37433,0
DA:37434,0
DA:37435,0
DA:37436,0
DA:37437,0
DA:37438,0
DA:37439,0
DA:37440,0
DA:37441,0
DA:37442,0
DA:37443,0
DA:37444,0
DA:37445,0
DA:37446,0
DA:37447,0
DA:37448,0
DA:37449,0
DA:37450,0
DA:37451,0
DA:37452,0
DA:37453,0
DA:37454,0
DA:37455,0
DA:37456,0
DA:37457,0
DA:37458,0
DA:37459,0
DA:37460,0
DA:37461,0
DA:37462,0
DA:37463,0
DA:37464,0
DA:37465,0
DA:37466,0
DA:37467,0
DA:37468,0
DA:37469,0
DA:37470,0
DA:37471,0
DA:37472,0
DA:37473,0
DA:37474,0
DA:37475,0
DA:37476,0
DA:37477,0
DA:37478,0
DA:37479,0
DA:37480,0
DA:37481,0
DA:37482,0
DA:37483,0
DA:37484,0
DA:37485,0
DA:37486,0
DA:37487,0
DA:37488,0
DA:37489,0
DA:37490,0
DA:37491,0
DA:37492,0
DA:37493,0
DA:37494,0
DA:37495,0
DA:37496,0
DA:37497,0
DA:37498,0
DA:37499,0
DA:37500,0
DA:37501,0
DA:37502,0
DA:37503,0
DA:37504,0
DA:37505,0
DA:37506,0
DA:37507,0
DA:37508,0
DA:37509,0
DA:37510,0
DA:37511,0
DA:37512,0
DA:37513,0
DA:37514,0
DA:37515,0
DA:37516,0
DA:37517,0
DA:37518,0
DA:37519,0
DA:37520,0
DA:37521,0
DA:37522,0
DA:37523,0
DA:37524,0
DA:37525,0
DA:37526,0
DA:37527,0
DA:37528,0
DA:37529,0
DA:37530,0
DA:37531,0
DA:37532,0
DA:37533,0
DA:37534,0
DA:37535,0
DA:37536,0
DA:37537,0
DA:37538,0
DA:37539,0
DA:37540,0
DA:37541,0
DA:37542,0
DA:37543,0
DA:37544,0
DA:37545,0
DA:37546,0
DA:37547,0
DA:37548,0
DA:37549,0
DA:37550,0
DA:37551,0
DA:37552,0
DA:37553,0
DA:37554,0
DA:37555,0
DA:37556,0
DA:37557,0
DA:37558,0
DA:37559,0
DA:37560,0
DA:37561,0
DA:37562,0
DA:37563,0
DA:37564,0
DA:37565,0
DA:37566,0
DA:37567,0
DA:37568,0
DA:37569,0
DA:37570,0
DA:37571,0
DA:37572,0
DA:37573,0
DA:37574,0
DA:37575,0
DA:37576,0
DA:37577,0
DA:37578,0
DA:37579,0
DA:37580,0
DA:37581,0
DA:37582,0
DA:37583,0
DA:37584,0
DA:37585,0
DA:37586,0
DA:37587,0
DA:37588,0
DA:37589,0
DA:37590,0
DA:37591,0
DA:37592,0
DA:37593,0
DA:37594,0
DA:37595,0
DA:37596,0
DA:37597,0
DA:37598,0
DA:37599,0
DA:37600,0
DA:37601,0
DA:37602,0
DA:37603,0
DA:37604,0
DA:37605,0
DA:37606,0
DA:37607,0
DA:37608,0
DA:37609,0
DA:37610,0
DA:37611,0
DA:37612,0
DA:37613,0
DA:37614,0
DA:37615,0
DA:37616,0
DA:37617,0
DA:37618,0
DA:37619,0
DA:37620,0
DA:37621,0
DA:37622,0
DA:37623,0
DA:37624,0
DA:37625,0
DA:37626,0
DA:37627,0
DA:37628,0
DA:37629,0
DA:37630,0
DA:37631,0
DA:37632,0
DA:37633,0
DA:37634,0
DA:37635,0
DA:37636,0
DA:37637,0
DA:37638,0
DA:37639,0
DA:37640,0
DA:37641,0
DA:37642,0
DA:37643,0
DA:37644,0
DA:37645,0
DA:37646,0
DA:37647,0
DA:37648,0
DA:37649,0
DA:37650,0
DA:37651,0
DA:37652,0
DA:37653,0
DA:37654,0
DA:37655,0
DA:37656,0
DA:37657,0
DA:37658,0
DA:37659,0
DA:37660,0
DA:37661,0
DA:37662,0
DA:37663,0
DA:37664,0
DA:37665,0
DA:37666,0
DA:37667,0
DA:37668,0
DA:37669,0
DA:37670,0
DA:37671,0
DA:37672,0
DA:37673,0
DA:37674,0
DA:37675,0
DA:37676,0
DA:37677,0
DA:37678,0
DA:37679,0
DA:37680,0
DA:37681,0
DA:37682,0
DA:37683,0
DA:37684,0
DA:37685,0
DA:37686,0
DA:37687,0
DA:37688,0
DA:37689,0
DA:37690,0
DA:37691,0
DA:37692,0
DA:37693,0
DA:37694,0
DA:37695,0
DA:37696,0
DA:37697,0
DA:37698,0
DA:37699,0
DA:37700,0
DA:37701,0
DA:37702,0
DA:37703,0
DA:37704,0
DA:37705,0
DA:37706,0
DA:37707,0
DA:37708,0
DA:37709,0
DA:37710,0
DA:37711,0
DA:37712,0
DA:37713,0
DA:37714,0
DA:37715,0
DA:37716,0
DA:37717,0
DA:37718,0
DA:37719,0
DA:37720,0
DA:37721,0
DA:37722,0
DA:37723,0
DA:37724,0
DA:37725,0
DA:37726,0
DA:37727,0
DA:37728,0
DA:37729,0
DA:37730,0
DA:37731,0
DA:37732,0
DA:37733,0
DA:37734,0
DA:37735,0
DA:37736,0
DA:37737,0
DA:37738,0
DA:37739,0
DA:37740,0
DA:37741,0
DA:37742,0
DA:37743,0
DA:37744,0
DA:37745,0
DA:37746,0
DA:37747,0
DA:37748,0
DA:37749,0
DA:37750,0
DA:37751,0
DA:37752,0
DA:37753,0
DA:37754,0
DA:37755,0
DA:37756,0
DA:37757,0
DA:37758,0
DA:37759,0
DA:37760,0
DA:37761,0
DA:37762,0
DA:37763,0
DA:37764,0
DA:37765,0
DA:37766,0
DA:37767,0
DA:37768,0
DA:37769,0
DA:37770,0
DA:37771,0
DA:37772,0
DA:37773,0
DA:37774,0
DA:37775,0
DA:37776,0
DA:37777,0
DA:37778,0
DA:37779,0
DA:37780,0
DA:37781,0
DA:37782,0
DA:37783,0
DA:37784,0
DA:37785,0
DA:37786,0
DA:37787,0
DA:37788,0
DA:37789,0
DA:37790,0
DA:37791,0
DA:37792,0
DA:37793,0
DA:37794,0
DA:37795,0
DA:37796,0
DA:37797,0
DA:37798,0
DA:37799,0
DA:37800,0
DA:37801,0
DA:37802,0
DA:37803,0
DA:37804,0
DA:37805,0
DA:37806,0
DA:37807,0
DA:37808,0
DA:37809,0
DA:37810,0
DA:37811,0
DA:37812,0
DA:37813,0
DA:37814,0
DA:37815,0
DA:37816,0
DA:37817,0
DA:37818,0
DA:37819,0
DA:37820,0
DA:37821,0
DA:37822,0
DA:37823,0
DA:37824,0
DA:37825,0
DA:37826,0
DA:37827,0
DA:37828,0
DA:37829,0
DA:37830,0
DA:37831,0
DA:37832,0
DA:37833,0
DA:37834,0
DA:37835,0
DA:37836,0
DA:37837,0
DA:37838,0
DA:37839,0
DA:37840,0
DA:37841,0
DA:37842,0
DA:37843,0
DA:37844,0
DA:37845,0
DA:37846,0
DA:37847,0
DA:37848,0
DA:37849,0
DA:37850,0
DA:37851,0
DA:37852,0
DA:37853,0
DA:37854,0
DA:37855,0
DA:37856,0
DA:37857,0
DA:37858,0
DA:37859,0
DA:37860,0
DA:37861,0
DA:37862,0
DA:37863,0
DA:37864,0
DA:37865,0
DA:37866,0
DA:37867,0
DA:37868,0
DA:37869,0
DA:37870,0
DA:37871,0
DA:37872,0
DA:37873,0
DA:37874,0
DA:37875,0
DA:37876,0
DA:37877,0
DA:37878,0
DA:37879,0
DA:37880,0
DA:37881,0
DA:37882,0
DA:37883,0
DA:37884,0
DA:37885,0
DA:37886,0
DA:37887,0
DA:37888,0
DA:37889,0
DA:37890,0
DA:37891,0
DA:37892,0
DA:37893,0
DA:37894,0
DA:37895,0
DA:37896,0
DA:37897,0
DA:37898,0
DA:37899,0
DA:37900,0
DA:37901,0
DA:37902,0
DA:37903,0
DA:37904,0
DA:37905,0
DA:37906,0
DA:37907,0
DA:37908,0
DA:37909,1
DA:37910,1
DA:37911,0
DA:37912,0
DA:37913,0
DA:37914,0
DA:37915,0
DA:37916,0
DA:37917,0
DA:37918,0
DA:37919,0
DA:37920,0
DA:37921,0
DA:37922,0
DA:37923,0
DA:37924,0
DA:37925,0
DA:37926,0
DA:37927,0
DA:37928,0
DA:37929,0
DA:37930,0
DA:37931,0
DA:37932,0
DA:37933,0
DA:37934,0
DA:37935,0
DA:37936,0
DA:37937,0
DA:37938,0
DA:37939,0
DA:37940,0
DA:37941,0
DA:37942,0
DA:37943,0
DA:37944,0
DA:37945,0
DA:37946,0
DA:37947,0
DA:37948,0
DA:37949,0
DA:37950,0
DA:37951,0
DA:37952,0
DA:37953,0
DA:37954,0
DA:37955,0
DA:37956,0
DA:37957,0
DA:37958,0
DA:37959,0
DA:37960,0
DA:37961,0
DA:37962,0
DA:37963,0
DA:37964,0
DA:37965,0
DA:37966,0
DA:37967,0
DA:37968,0
DA:37969,0
DA:37970,0
DA:37971,0
DA:37972,0
DA:37973,0
DA:37974,0
DA:37975,0
DA:37976,0
DA:37977,0
DA:37978,0
DA:37979,0
DA:37980,0
DA:37981,0
DA:37982,0
DA:37983,0
DA:37984,0
DA:37985,0
DA:37986,0
DA:37987,0
DA:37988,0
DA:37989,0
DA:37990,0
DA:37991,0
DA:37992,0
DA:37993,0
DA:37994,0
DA:37995,1
DA:37996,1
DA:37997,1
DA:37998,1
DA:37999,1
DA:38000,1
DA:38001,1
DA:38002,1
DA:38003,1
DA:38004,1
DA:38005,1
DA:38006,1
DA:38007,1
DA:38008,1
DA:38009,1
DA:38010,1
DA:38011,1
DA:38012,1
DA:38013,1
DA:38014,1
DA:38015,1
DA:38016,1
DA:38017,1
DA:38018,1
DA:38019,1
DA:38020,1
DA:38021,1
DA:38022,1
DA:38023,1
DA:38024,1
DA:38025,1
DA:38026,1
DA:38027,1
DA:38028,1
DA:38029,1
DA:38030,1
DA:38031,1
DA:38032,1
DA:38033,1
DA:38034,1
DA:38035,1
DA:38036,1
DA:38037,1
DA:38038,1
DA:38039,1
DA:38040,1
DA:38041,0
DA:38042,0
DA:38043,0
DA:38044,0
DA:38045,0
DA:38046,0
DA:38047,0
DA:38048,0
DA:38049,0
DA:38050,0
DA:38051,0
DA:38052,0
DA:38053,0
DA:38054,0
DA:38055,0
DA:38056,0
DA:38057,0
DA:38058,0
DA:38059,0
DA:38060,0
DA:38061,0
DA:38062,0
DA:38063,0
DA:38064,0
DA:38065,0
DA:38066,0
DA:38067,0
DA:38068,0
DA:38069,0
DA:38070,0
DA:38071,0
DA:38072,0
DA:38073,0
DA:38074,0
DA:38075,0
DA:38076,0
DA:38077,0
DA:38078,0
DA:38079,0
DA:38080,0
DA:38081,0
DA:38082,0
DA:38083,0
DA:38084,0
DA:38085,0
DA:38086,0
DA:38087,0
DA:38088,0
DA:38089,0
DA:38090,0
DA:38091,0
DA:38092,0
DA:38093,0
DA:38094,0
DA:38095,0
DA:38096,0
DA:38097,0
DA:38098,0
DA:38099,0
DA:38100,0
DA:38101,0
DA:38102,0
DA:38103,0
DA:38104,0
DA:38105,0
DA:38106,0
DA:38107,0
DA:38108,0
DA:38109,0
DA:38110,0
DA:38111,0
DA:38112,0
DA:38113,0
DA:38114,0
DA:38115,0
DA:38116,0
DA:38117,0
DA:38118,0
DA:38119,0
DA:38120,0
DA:38121,0
DA:38122,0
DA:38123,0
DA:38124,0
DA:38125,0
DA:38126,0
DA:38127,0
DA:38128,0
DA:38129,0
DA:38130,0
DA:38131,0
DA:38132,0
DA:38133,0
DA:38134,0
DA:38135,0
DA:38136,0
DA:38137,0
DA:38138,0
DA:38139,0
DA:38140,0
DA:38141,0
DA:38142,0
DA:38143,0
DA:38144,0
DA:38145,0
DA:38146,0
DA:38147,0
DA:38148,0
DA:38149,0
DA:38150,0
DA:38151,0
DA:38152,0
DA:38153,0
DA:38154,0
DA:38155,0
DA:38156,0
DA:38157,0
DA:38158,0
DA:38159,0
DA:38160,0
DA:38161,0
DA:38162,0
DA:38163,0
DA:38164,0
DA:38165,0
DA:38166,0
DA:38167,0
DA:38168,0
DA:38169,0
DA:38170,0
DA:38171,0
DA:38172,0
DA:38173,0
DA:38174,0
DA:38175,0
DA:38176,0
DA:38177,0
DA:38178,0
DA:38179,0
DA:38180,0
DA:38181,0
DA:38182,0
DA:38183,0
DA:38184,0
DA:38185,0
DA:38186,0
DA:38187,0
DA:38188,0
DA:38189,0
DA:38190,0
DA:38191,0
DA:38192,0
DA:38193,0
DA:38194,0
DA:38195,0
DA:38196,0
DA:38197,0
DA:38198,0
DA:38199,0
DA:38200,0
DA:38201,0
DA:38202,0
DA:38203,0
DA:38204,0
DA:38205,0
DA:38206,0
DA:38207,0
DA:38208,0
DA:38209,0
DA:38210,0
DA:38211,0
DA:38212,0
DA:38213,0
DA:38214,0
DA:38215,0
DA:38216,0
DA:38217,0
DA:38218,0
DA:38219,0
DA:38220,0
DA:38221,0
DA:38222,0
DA:38223,0
DA:38224,0
DA:38225,0
DA:38226,0
DA:38227,0
DA:38228,0
DA:38229,0
DA:38230,0
DA:38231,1
DA:38232,1
DA:38233,1
DA:38234,1
DA:38235,1
DA:38236,1
DA:38237,1
DA:38238,1
DA:38239,1
DA:38240,1
DA:38241,1
DA:38242,1
DA:38243,1
DA:38244,1
DA:38245,1
DA:38246,1
DA:38247,1
DA:38248,1
DA:38249,1
DA:38250,1
DA:38251,1
DA:38252,1
DA:38253,1
DA:38254,1
DA:38255,1
DA:38256,1
DA:38257,1
DA:38258,1
DA:38259,1
DA:38260,1
DA:38261,1
DA:38262,1
DA:38263,1
DA:38264,1
DA:38265,1
DA:38266,1
DA:38267,1
DA:38268,1
DA:38269,0
DA:38270,0
DA:38271,0
DA:38272,0
DA:38273,0
DA:38274,0
DA:38275,0
DA:38276,0
DA:38277,0
DA:38278,0
DA:38279,0
DA:38280,0
DA:38281,0
DA:38282,0
DA:38283,0
DA:38284,0
DA:38285,0
DA:38286,0
DA:38287,0
DA:38288,0
DA:38289,0
DA:38290,0
DA:38291,0
DA:38292,0
DA:38293,0
DA:38294,0
DA:38295,0
DA:38296,0
DA:38297,0
DA:38298,0
DA:38299,0
DA:38300,0
DA:38301,0
DA:38302,0
DA:38303,0
DA:38304,0
DA:38305,0
DA:38306,0
DA:38307,0
DA:38308,0
DA:38309,0
DA:38310,0
DA:38311,0
DA:38312,0
DA:38313,0
DA:38314,0
DA:38315,0
DA:38316,0
DA:38317,0
DA:38318,0
DA:38319,0
DA:38320,0
DA:38321,0
DA:38322,0
DA:38323,0
DA:38324,0
DA:38325,0
DA:38326,0
DA:38327,0
DA:38328,0
DA:38329,0
DA:38330,0
DA:38331,0
DA:38332,0
DA:38333,0
DA:38334,0
DA:38335,0
DA:38336,0
DA:38337,0
DA:38338,0
DA:38339,0
DA:38340,0
DA:38341,0
DA:38342,0
DA:38343,0
DA:38344,0
DA:38345,0
DA:38346,0
DA:38347,0
DA:38348,0
DA:38349,0
DA:38350,0
DA:38351,0
DA:38352,0
DA:38353,0
DA:38354,0
DA:38355,0
DA:38356,0
DA:38357,0
DA:38358,0
DA:38359,0
DA:38360,0
DA:38361,0
DA:38362,0
DA:38363,0
DA:38364,0
DA:38365,0
DA:38366,0
DA:38367,0
DA:38368,0
DA:38369,0
DA:38370,0
DA:38371,0
DA:38372,0
DA:38373,0
DA:38374,0
DA:38375,0
DA:38376,0
DA:38377,0
DA:38378,0
DA:38379,0
DA:38380,0
DA:38381,0
DA:38382,0
DA:38383,0
DA:38384,0
DA:38385,0
DA:38386,0
DA:38387,0
DA:38388,0
DA:38389,0
DA:38390,0
DA:38391,0
DA:38392,0
DA:38393,0
DA:38394,0
DA:38395,0
DA:38396,0
DA:38397,0
DA:38398,0
DA:38399,0
DA:38400,0
DA:38401,0
DA:38402,0
DA:38403,0
DA:38404,0
DA:38405,0
DA:38406,0
DA:38407,0
DA:38408,0
DA:38409,0
DA:38410,0
DA:38411,0
DA:38412,0
DA:38413,0
DA:38414,0
DA:38415,0
DA:38416,0
DA:38417,0
DA:38418,0
DA:38419,0
DA:38420,0
DA:38421,0
DA:38422,0
DA:38423,0
DA:38424,0
DA:38425,0
DA:38426,0
DA:38427,0
DA:38428,0
DA:38429,0
DA:38430,0
DA:38431,0
DA:38432,0
DA:38433,0
DA:38434,0
DA:38435,0
DA:38436,0
DA:38437,0
DA:38438,0
DA:38439,0
DA:38440,0
DA:38441,0
DA:38442,0
DA:38443,0
DA:38444,0
DA:38445,0
DA:38446,0
DA:38447,0
DA:38448,0
DA:38449,0
DA:38450,0
DA:38451,0
DA:38452,0
DA:38453,0
DA:38454,0
DA:38455,0
DA:38456,0
DA:38457,0
DA:38458,0
DA:38459,0
DA:38460,0
DA:38461,0
DA:38462,0
DA:38463,0
DA:38464,0
DA:38465,0
DA:38466,0
DA:38467,0
DA:38468,0
DA:38469,0
DA:38470,0
DA:38471,0
DA:38472,0
DA:38473,0
DA:38474,0
DA:38475,0
DA:38476,0
DA:38477,0
DA:38478,0
DA:38479,0
DA:38480,0
DA:38481,0
DA:38482,0
DA:38483,0
DA:38484,0
DA:38485,0
DA:38486,0
DA:38487,0
DA:38488,0
DA:38489,0
DA:38490,0
DA:38491,0
DA:38492,0
DA:38493,0
DA:38494,0
DA:38495,0
DA:38496,0
DA:38497,0
DA:38498,0
DA:38499,0
DA:38500,0
DA:38501,0
DA:38502,0
DA:38503,0
DA:38504,0
DA:38505,0
DA:38506,0
DA:38507,0
DA:38508,0
DA:38509,0
DA:38510,0
DA:38511,0
DA:38512,0
DA:38513,0
DA:38514,0
DA:38515,0
DA:38516,0
DA:38517,0
DA:38518,0
DA:38519,0
DA:38520,0
DA:38521,0
DA:38522,0
DA:38523,0
DA:38524,0
DA:38525,0
DA:38526,0
DA:38527,0
DA:38528,0
DA:38529,0
DA:38530,0
DA:38531,0
DA:38532,0
DA:38533,0
DA:38534,0
DA:38535,0
DA:38536,0
DA:38537,0
DA:38538,0
DA:38539,0
DA:38540,0
DA:38541,0
DA:38542,0
DA:38543,0
DA:38544,0
DA:38545,0
DA:38546,0
DA:38547,0
DA:38548,0
DA:38549,0
DA:38550,0
DA:38551,0
DA:38552,0
DA:38553,0
DA:38554,0
DA:38555,0
DA:38556,0
DA:38557,0
DA:38558,0
DA:38559,0
DA:38560,0
DA:38561,0
DA:38562,0
DA:38563,0
DA:38564,0
DA:38565,0
DA:38566,0
DA:38567,0
DA:38568,0
DA:38569,0
DA:38570,0
DA:38571,0
DA:38572,0
DA:38573,0
DA:38574,0
DA:38575,0
DA:38576,0
DA:38577,0
DA:38578,0
DA:38579,0
DA:38580,0
DA:38581,0
DA:38582,0
DA:38583,0
DA:38584,0
DA:38585,0
DA:38586,0
DA:38587,0
DA:38588,0
DA:38589,0
DA:38590,0
DA:38591,0
DA:38592,0
DA:38593,0
DA:38594,0
DA:38595,0
DA:38596,0
DA:38597,0
DA:38598,0
DA:38599,0
DA:38600,0
DA:38601,0
DA:38602,0
DA:38603,0
DA:38604,0
DA:38605,0
DA:38606,0
DA:38607,0
DA:38608,0
DA:38609,0
DA:38610,0
DA:38611,0
DA:38612,0
DA:38613,0
DA:38614,0
DA:38615,0
DA:38616,0
DA:38617,0
DA:38618,0
DA:38619,0
DA:38620,0
DA:38621,0
DA:38622,0
DA:38623,0
DA:38624,0
DA:38625,0
DA:38626,0
DA:38627,0
DA:38628,0
DA:38629,0
DA:38630,0
DA:38631,0
DA:38632,0
DA:38633,0
DA:38634,0
DA:38635,0
DA:38636,0
DA:38637,0
DA:38638,0
DA:38639,0
DA:38640,0
DA:38641,0
DA:38642,0
DA:38643,0
DA:38644,0
DA:38645,0
DA:38646,0
DA:38647,0
DA:38648,0
DA:38649,0
DA:38650,0
DA:38651,0
DA:38652,0
DA:38653,0
DA:38654,0
DA:38655,0
DA:38656,0
DA:38657,0
DA:38658,0
DA:38659,0
DA:38660,0
DA:38661,0
DA:38662,0
DA:38663,0
DA:38664,0
DA:38665,0
DA:38666,0
DA:38667,0
DA:38668,0
DA:38669,0
DA:38670,0
DA:38671,0
DA:38672,0
DA:38673,0
DA:38674,0
DA:38675,0
DA:38676,0
DA:38677,0
DA:38678,0
DA:38679,0
DA:38680,0
DA:38681,0
DA:38682,0
DA:38683,0
DA:38684,0
DA:38685,0
DA:38686,0
DA:38687,0
DA:38688,0
DA:38689,0
DA:38690,0
DA:38691,0
DA:38692,0
DA:38693,0
DA:38694,0
DA:38695,0
DA:38696,0
DA:38697,0
DA:38698,0
DA:38699,0
DA:38700,0
DA:38701,0
DA:38702,0
DA:38703,0
DA:38704,0
DA:38705,0
DA:38706,0
DA:38707,0
DA:38708,0
DA:38709,0
DA:38710,0
DA:38711,0
DA:38712,0
DA:38713,0
DA:38714,0
DA:38715,0
DA:38716,0
DA:38717,1
DA:38718,1
DA:38719,1
DA:38720,1
DA:38721,1
DA:38722,1
DA:38723,1
DA:38724,1
DA:38725,1
DA:38726,1
DA:38727,1
DA:38728,1
DA:38729,1
DA:38730,1
DA:38731,1
DA:38732,1
DA:38733,1
DA:38734,1
DA:38735,1
DA:38736,1
DA:38737,1
DA:38738,1
DA:38739,1
DA:38740,1
DA:38741,1
DA:38742,1
DA:38743,1
DA:38744,1
DA:38745,1
DA:38746,1
DA:38747,1
DA:38748,1
DA:38749,1
DA:38750,1
DA:38751,1
DA:38752,1
DA:38753,1
DA:38754,1
DA:38755,1
DA:38756,1
DA:38757,1
DA:38758,1
DA:38759,1
DA:38760,1
DA:38761,1
DA:38762,1
DA:38763,1
DA:38764,1
DA:38765,1
DA:38766,1
DA:38767,1
DA:38768,1
DA:38769,1
DA:38770,1
DA:38771,1
DA:38772,1
DA:38773,1
DA:38774,1
DA:38775,1
end_of_record